2022-07-06 00:38:35,033 - INFO - Start running, host: xiyuez2@ccc0285.campuscluster.illinois.edu, work_dir: /projects/perception/personals/xiyue/CenterPoint_cuda11/work_dirs/nusc_centerpoint_pp_02voxel_two_pfn_10sweep
2022-07-06 00:38:35,033 - INFO - workflow: [('train', 1)], max: 20 epochs
2022-07-06 00:38:56,635 - INFO - Epoch [1/20][5/30895]	lr: 0.00040, eta: 30 days, 21:12:53, time: 4.318, data_time: 2.862, transfer_time: 0.007, forward_time: 0.460, loss_parse_time: 0.000 memory: 2735, 
2022-07-06 00:38:56,635 - INFO - task : ['car'], loss: 12.5923, hm_loss: 3.3756, loc_loss: 36.8669, loc_loss_elem: ['3.1715', '3.0284', '9.6807', '4.5481', '4.3048', '2.3519', '8.5018', '5.9106', '2.9838', '3.9150'], num_positive: 11.4000
2022-07-06 00:38:56,635 - INFO - task : ['truck', 'construction_vehicle'], loss: 24.7513, hm_loss: 17.0316, loc_loss: 30.8787, loc_loss_elem: ['2.7759', '2.1387', '4.0175', '3.6858', '2.4723', '5.7537', '2.1776', '7.0205', '5.6011', '2.5940'], num_positive: 1.0000
2022-07-06 00:38:56,635 - INFO - task : ['bus', 'trailer'], loss: 20.6857, hm_loss: 18.4694, loc_loss: 8.8652, loc_loss_elem: ['1.3433', '0.7578', '0.6974', '1.2144', '1.5518', '1.5597', '0.7701', '0.7878', '0.8493', '0.5798'], num_positive: 0.8000
2022-07-06 00:38:56,635 - INFO - task : ['barrier'], loss: 33.9551, hm_loss: 31.1169, loc_loss: 11.3531, loc_loss_elem: ['1.3997', '1.4864', '3.9334', '0.6694', '0.5062', '0.6356', '0.6089', '2.2833', '1.2232', '0.9206'], num_positive: 0.6000
2022-07-06 00:38:56,635 - INFO - task : ['motorcycle', 'bicycle'], loss: 33.0946, hm_loss: 32.4168, loc_loss: 2.7113, loc_loss_elem: ['0.3900', '0.1893', '0.2871', '0.4285', '0.0232', '0.1088', '0.5172', '0.5018', '0.7554', '0.3252'], num_positive: 0.2000
2022-07-06 00:38:56,636 - INFO - task : ['pedestrian', 'traffic_cone'], loss: 55.9155, hm_loss: 48.1763, loc_loss: 30.9564, loc_loss_elem: ['3.1916', '5.8297', '5.0092', '4.1902', '2.3606', '2.0389', '3.2441', '4.8713', '2.8837', '3.8295'], num_positive: 4.4000

2022-07-06 00:39:02,894 - INFO - Epoch [1/20][10/30895]	lr: 0.00040, eta: 19 days, 22:05:57, time: 1.253, data_time: 0.248, transfer_time: 0.006, forward_time: 0.489, loss_parse_time: 0.000 memory: 2735, 
2022-07-06 00:39:02,894 - INFO - task : ['car'], loss: 9.7441, hm_loss: 2.7787, loc_loss: 27.8616, loc_loss_elem: ['2.3482', '2.3985', '7.0017', '3.1379', '2.6278', '1.9497', '5.6576', '3.2998', '3.2361', '3.3701'], num_positive: 15.4000
2022-07-06 00:39:02,894 - INFO - task : ['truck', 'construction_vehicle'], loss: 13.5636, hm_loss: 6.5016, loc_loss: 28.2476, loc_loss_elem: ['5.7072', '1.9083', '4.5907', '1.2147', '2.4413', '4.9600', '3.5130', '4.3216', '3.6561', '2.2023'], num_positive: 3.0000
2022-07-06 00:39:02,894 - INFO - task : ['bus', 'trailer'], loss: 13.3007, hm_loss: 6.9486, loc_loss: 25.4082, loc_loss_elem: ['2.5177', '4.1424', '4.8510', '3.1944', '2.3126', '2.5618', '4.8065', '4.6205', '1.0473', '2.8957'], num_positive: 1.8000
2022-07-06 00:39:02,894 - INFO - task : ['barrier'], loss: 5.5940, hm_loss: 4.3071, loc_loss: 5.1478, loc_loss_elem: ['0.6074', '0.5866', '0.4792', '0.6170', '0.6584', '0.3406', '0.3725', '0.7125', '0.8691', '0.7724'], num_positive: 1.0000
2022-07-06 00:39:02,894 - INFO - task : ['motorcycle', 'bicycle'], loss: 12.6963, hm_loss: 9.2333, loc_loss: 13.8518, loc_loss_elem: ['1.5578', '1.9597', '0.2070', '1.5225', '1.0754', '1.3521', '2.9197', '2.4538', '0.3519', '4.7508'], num_positive: 0.4000
2022-07-06 00:39:02,894 - INFO - task : ['pedestrian', 'traffic_cone'], loss: 14.3041, hm_loss: 7.7829, loc_loss: 26.0850, loc_loss_elem: ['1.7476', '2.2662', '5.8335', '2.7343', '2.0171', '2.9318', '4.4008', '4.1098', '3.6738', '3.1786'], num_positive: 5.2000

2022-07-06 00:39:08,803 - INFO - Epoch [1/20][15/30895]	lr: 0.00040, eta: 16 days, 2:19:16, time: 1.181, data_time: 0.050, transfer_time: 0.006, forward_time: 0.616, loss_parse_time: 0.000 memory: 2735, 
2022-07-06 00:39:08,804 - INFO - task : ['car'], loss: 9.6713, hm_loss: 3.4214, loc_loss: 24.9998, loc_loss_elem: ['1.8080', '1.3552', '8.5468', '2.2379', '1.3419', '2.1694', '5.2367', '4.0982', '3.4021', '2.2716'], num_positive: 9.2000
2022-07-06 00:39:08,805 - INFO - task : ['truck', 'construction_vehicle'], loss: 8.2390, hm_loss: 3.9384, loc_loss: 17.2027, loc_loss_elem: ['2.3802', '2.1497', '3.3263', '1.5221', '1.9732', '1.7960', '1.7253', '3.2207', '1.2573', '1.8087'], num_positive: 2.8000
2022-07-06 00:39:08,805 - INFO - task : ['bus', 'trailer'], loss: 5.6127, hm_loss: 3.5441, loc_loss: 8.2741, loc_loss_elem: ['0.5324', '1.1619', '2.4451', '0.3735', '0.5577', '0.8392', '1.7627', '0.5946', '0.9794', '0.9134'], num_positive: 0.6000
2022-07-06 00:39:08,805 - INFO - task : ['barrier'], loss: 3.8119, hm_loss: 2.2325, loc_loss: 6.3178, loc_loss_elem: ['0.7520', '0.5713', '1.2967', '0.3668', '0.6872', '0.6154', '0.7375', '0.8257', '1.0801', '0.6358'], num_positive: 5.6000
2022-07-06 00:39:08,805 - INFO - task : ['motorcycle', 'bicycle'], loss: 5.1064, hm_loss: 3.7186, loc_loss: 5.5514, loc_loss_elem: ['0.5589', '0.4702', '0.5749', '0.6206', '0.3040', '1.2777', '0.9091', '1.7067', '0.9203', '0.3017'], num_positive: 0.4000
2022-07-06 00:39:08,805 - INFO - task : ['pedestrian', 'traffic_cone'], loss: 11.5284, hm_loss: 7.1807, loc_loss: 17.3908, loc_loss_elem: ['2.1974', '2.8820', '3.8094', '1.7040', '0.9585', '1.1771', '3.0418', '1.4036', '2.3546', '1.4187'], num_positive: 6.8000

2022-07-06 00:39:20,694 - INFO - Epoch [1/20][20/30895]	lr: 0.00040, eta: 16 days, 7:47:14, time: 2.378, data_time: 0.140, transfer_time: 0.006, forward_time: 1.755, loss_parse_time: 0.000 memory: 2735, 
2022-07-06 00:39:20,694 - INFO - task : ['car'], loss: 6.5428, hm_loss: 3.2519, loc_loss: 13.1636, loc_loss_elem: ['1.4294', '1.1341', '2.5905', '0.8769', '1.2046', '0.8444', '2.5683', '5.4556', '1.5877', '1.8913'], num_positive: 6.6000
2022-07-06 00:39:20,694 - INFO - task : ['truck', 'construction_vehicle'], loss: 6.8949, hm_loss: 3.3283, loc_loss: 14.2666, loc_loss_elem: ['2.1683', '1.6363', '3.0537', '0.7316', '0.4874', '0.6380', '0.9111', '1.5535', '2.0552', '3.0034'], num_positive: 1.0000
2022-07-06 00:39:20,694 - INFO - task : ['bus', 'trailer'], loss: 4.3755, hm_loss: 2.5928, loc_loss: 7.1307, loc_loss_elem: ['1.2694', '0.3365', '1.8951', '0.7706', '0.6188', '0.9181', '0.2312', '0.5434', '0.4664', '0.7008'], num_positive: 1.0000
2022-07-06 00:39:20,694 - INFO - task : ['barrier'], loss: 3.0579, hm_loss: 1.6220, loc_loss: 5.7435, loc_loss_elem: ['0.6859', '0.6365', '0.6672', '0.4855', '0.7858', '0.7886', '0.4471', '0.4720', '0.6525', '0.8577'], num_positive: 2.8000
2022-07-06 00:39:20,694 - INFO - task : ['motorcycle', 'bicycle'], loss: 7.3392, hm_loss: 2.3026, loc_loss: 20.1464, loc_loss_elem: ['2.5088', '0.7904', '3.8646', '3.5701', '2.3071', '3.1460', '1.9842', '1.7939', '1.7567', '1.4472'], num_positive: 0.4000
2022-07-06 00:39:20,694 - INFO - task : ['pedestrian', 'traffic_cone'], loss: 5.5708, hm_loss: 3.4582, loc_loss: 8.4504, loc_loss_elem: ['0.9126', '0.9120', '1.3604', '1.0704', '0.6672', '0.6194', '1.6292', '0.7340', '1.0211', '1.4147'], num_positive: 8.4000

2022-07-06 00:39:26,894 - INFO - Epoch [1/20][25/30895]	lr: 0.00040, eta: 14 days, 19:58:41, time: 1.240, data_time: 0.216, transfer_time: 0.007, forward_time: 0.501, loss_parse_time: 0.000 memory: 2735, 
2022-07-06 00:39:26,894 - INFO - task : ['car'], loss: 4.4737, hm_loss: 2.6407, loc_loss: 7.3319, loc_loss_elem: ['0.5204', '0.8008', '1.6420', '0.6504', '0.3981', '0.5561', '1.1464', '3.2970', '0.9768', '0.8987'], num_positive: 5.4000
2022-07-06 00:39:26,894 - INFO - task : ['truck', 'construction_vehicle'], loss: 6.9437, hm_loss: 3.0149, loc_loss: 15.7152, loc_loss_elem: ['1.9156', '0.8102', '2.3061', '1.3150', '2.4847', '2.0848', '1.3419', '1.4260', '1.4871', '2.7580'], num_positive: 2.0000
2022-07-06 00:39:26,894 - INFO - task : ['bus', 'trailer'], loss: 2.8365, hm_loss: 1.6417, loc_loss: 4.7793, loc_loss_elem: ['0.6428', '0.2927', '0.7237', '0.5024', '0.5127', '0.7651', '1.3706', '1.1529', '0.3521', '0.4831'], num_positive: 1.2000
2022-07-06 00:39:26,894 - INFO - task : ['barrier'], loss: 0.2826, hm_loss: 0.2826, loc_loss: 0.0000, loc_loss_elem: ['0.0000', '0.0000', '0.0000', '0.0000', '0.0000', '0.0000', '0.0000', '0.0000', '0.0000', '0.0000'], num_positive: 0.0000
2022-07-06 00:39:26,894 - INFO - task : ['motorcycle', 'bicycle'], loss: 2.8512, hm_loss: 1.7033, loc_loss: 4.5915, loc_loss_elem: ['0.6472', '0.3554', '0.3795', '0.2435', '0.4438', '0.4773', '0.7987', '0.8648', '0.5428', '1.1691'], num_positive: 1.0000
2022-07-06 00:39:26,895 - INFO - task : ['pedestrian', 'traffic_cone'], loss: 6.5066, hm_loss: 3.6080, loc_loss: 11.5945, loc_loss_elem: ['1.4203', '0.7154', '2.1156', '1.3095', '1.2161', '1.3184', '1.3557', '1.5397', '0.9250', '1.9951'], num_positive: 13.8000

2022-07-06 00:39:32,705 - INFO - Epoch [1/20][30/30895]	lr: 0.00040, eta: 13 days, 17:54:13, time: 1.163, data_time: 0.048, transfer_time: 0.007, forward_time: 0.570, loss_parse_time: 0.000 memory: 2735, 
2022-07-06 00:39:32,705 - INFO - task : ['car'], loss: 4.9524, hm_loss: 2.7556, loc_loss: 8.7871, loc_loss_elem: ['1.1212', '0.6848', '1.5598', '0.6707', '0.9492', '0.7440', '1.2613', '1.6888', '1.0716', '1.3957'], num_positive: 15.2000
2022-07-06 00:39:32,705 - INFO - task : ['truck', 'construction_vehicle'], loss: 5.4081, hm_loss: 3.3271, loc_loss: 8.3243, loc_loss_elem: ['0.5931', '0.9214', '2.0791', '0.7013', '0.7287', '0.5504', '1.5828', '1.4601', '0.9755', '1.1662'], num_positive: 5.4000
2022-07-06 00:39:32,705 - INFO - task : ['bus', 'trailer'], loss: 3.7501, hm_loss: 2.3886, loc_loss: 5.4461, loc_loss_elem: ['0.2284', '0.4419', '0.8105', '0.6253', '0.6318', '0.5142', '0.7249', '1.1563', '0.5503', '1.2673'], num_positive: 1.6000
2022-07-06 00:39:32,706 - INFO - task : ['barrier'], loss: 1.1386, hm_loss: 0.8609, loc_loss: 1.1109, loc_loss_elem: ['0.1463', '0.1245', '0.1684', '0.0872', '0.1020', '0.1144', '0.1474', '0.2563', '0.1709', '0.1163'], num_positive: 1.0000
2022-07-06 00:39:32,706 - INFO - task : ['motorcycle', 'bicycle'], loss: 4.5607, hm_loss: 3.1204, loc_loss: 5.7610, loc_loss_elem: ['0.2481', '0.4160', '1.2829', '0.5915', '0.5330', '0.5469', '1.3579', '0.2076', '0.8368', '0.9926'], num_positive: 1.2000
2022-07-06 00:39:32,706 - INFO - task : ['pedestrian', 'traffic_cone'], loss: 4.2520, hm_loss: 2.8039, loc_loss: 5.7925, loc_loss_elem: ['0.8370', '0.4866', '1.3035', '0.4223', '0.6599', '0.3388', '0.4495', '0.5784', '0.8224', '0.7164'], num_positive: 4.4000

2022-07-06 00:39:38,365 - INFO - Epoch [1/20][35/30895]	lr: 0.00040, eta: 12 days, 22:31:23, time: 1.132, data_time: 0.130, transfer_time: 0.007, forward_time: 0.497, loss_parse_time: 0.000 memory: 2735, 
2022-07-06 00:39:38,365 - INFO - task : ['car'], loss: 4.0675, hm_loss: 2.6551, loc_loss: 5.6494, loc_loss_elem: ['0.4730', '0.6265', '1.3360', '0.3542', '0.3595', '0.2869', '0.7531', '1.2495', '0.8697', '0.9431'], num_positive: 13.8000
2022-07-06 00:39:38,365 - INFO - task : ['truck', 'construction_vehicle'], loss: 3.2104, hm_loss: 2.2660, loc_loss: 3.7776, loc_loss_elem: ['0.4845', '0.2923', '1.0749', '0.2294', '0.1986', '0.1426', '0.2648', '1.1894', '0.5012', '0.5634'], num_positive: 1.6000
2022-07-06 00:39:38,365 - INFO - task : ['bus', 'trailer'], loss: 2.6996, hm_loss: 1.8049, loc_loss: 3.5789, loc_loss_elem: ['0.4755', '0.4772', '0.5123', '0.2086', '0.3692', '0.4854', '0.7386', '0.5397', '0.4617', '0.3334'], num_positive: 1.0000
2022-07-06 00:39:38,365 - INFO - task : ['barrier'], loss: 1.9507, hm_loss: 1.5425, loc_loss: 1.6329, loc_loss_elem: ['0.1728', '0.2150', '0.2664', '0.1740', '0.0860', '0.0975', '0.2071', '0.1998', '0.3790', '0.1609'], num_positive: 1.0000
2022-07-06 00:39:38,365 - INFO - task : ['motorcycle', 'bicycle'], loss: 3.1392, hm_loss: 2.2660, loc_loss: 3.4928, loc_loss_elem: ['0.2321', '0.2446', '0.8483', '0.2115', '0.3173', '0.5369', '0.2535', '0.1525', '0.3735', '0.6474'], num_positive: 1.6000
2022-07-06 00:39:38,365 - INFO - task : ['pedestrian', 'traffic_cone'], loss: 5.6591, hm_loss: 2.7106, loc_loss: 11.7941, loc_loss_elem: ['0.8587', '1.1109', '3.1905', '0.9063', '1.3430', '1.0859', '2.4220', '1.4381', '1.0538', '1.4729'], num_positive: 13.6000

2022-07-06 00:39:50,530 - INFO - Epoch [1/20][40/30895]	lr: 0.00040, eta: 13 days, 11:53:28, time: 2.433, data_time: 1.259, transfer_time: 0.007, forward_time: 0.671, loss_parse_time: 0.000 memory: 2735, 
2022-07-06 00:39:50,530 - INFO - task : ['car'], loss: 4.5324, hm_loss: 3.2948, loc_loss: 4.9507, loc_loss_elem: ['0.3124', '0.4237', '0.9492', '0.2699', '0.2855', '0.1594', '1.2176', '4.1009', '0.7566', '0.7303'], num_positive: 7.6000
2022-07-06 00:39:50,530 - INFO - task : ['truck', 'construction_vehicle'], loss: 2.2287, hm_loss: 1.8009, loc_loss: 1.7116, loc_loss_elem: ['0.1389', '0.1515', '0.4968', '0.0916', '0.2125', '0.0862', '0.4030', '0.4066', '0.2233', '0.1488'], num_positive: 0.6000
2022-07-06 00:39:50,530 - INFO - task : ['bus', 'trailer'], loss: 3.2668, hm_loss: 2.3755, loc_loss: 3.5654, loc_loss_elem: ['0.3881', '0.2771', '0.8752', '0.1900', '0.2769', '0.2216', '0.2154', '0.8485', '0.4310', '0.6928'], num_positive: 0.8000
2022-07-06 00:39:50,530 - INFO - task : ['barrier'], loss: 0.2416, hm_loss: 0.2416, loc_loss: 0.0000, loc_loss_elem: ['0.0000', '0.0000', '0.0000', '0.0000', '0.0000', '0.0000', '0.0000', '0.0000', '0.0000', '0.0000'], num_positive: 0.0000
2022-07-06 00:39:50,530 - INFO - task : ['motorcycle', 'bicycle'], loss: 4.1076, hm_loss: 3.0594, loc_loss: 4.1927, loc_loss_elem: ['0.2172', '0.3414', '0.4666', '0.4273', '0.2567', '0.4571', '0.9621', '4.5709', '0.3073', '0.6126'], num_positive: 1.2000
2022-07-06 00:39:50,531 - INFO - task : ['pedestrian', 'traffic_cone'], loss: 9.2566, hm_loss: 3.3967, loc_loss: 23.4399, loc_loss_elem: ['1.0906', '1.8219', '2.2203', '4.1297', '2.2912', '2.6367', '3.3239', '3.0251', '4.3398', '3.6398'], num_positive: 9.8000

2022-07-06 00:39:56,582 - INFO - Epoch [1/20][45/30895]	lr: 0.00040, eta: 12 days, 22:58:18, time: 1.210, data_time: 0.053, transfer_time: 0.007, forward_time: 0.644, loss_parse_time: 0.000 memory: 2735, 
2022-07-06 00:39:56,582 - INFO - task : ['car'], loss: 4.1823, hm_loss: 2.6297, loc_loss: 6.2106, loc_loss_elem: ['0.4280', '0.5927', '1.8500', '0.3388', '0.5024', '0.2429', '1.0912', '3.4252', '0.6311', '0.7214'], num_positive: 11.8000
2022-07-06 00:39:56,582 - INFO - task : ['truck', 'construction_vehicle'], loss: 4.1495, hm_loss: 2.7339, loc_loss: 5.6621, loc_loss_elem: ['0.5000', '0.3783', '2.2128', '0.2329', '0.1247', '0.1813', '0.8261', '1.6135', '0.6748', '0.8694'], num_positive: 2.6000
2022-07-06 00:39:56,582 - INFO - task : ['bus', 'trailer'], loss: 5.6608, hm_loss: 3.3268, loc_loss: 9.3361, loc_loss_elem: ['1.2233', '1.0879', '1.2752', '0.3900', '1.4254', '2.6843', '0.7499', '0.9880', '0.5667', '0.3357'], num_positive: 0.8000
2022-07-06 00:39:56,582 - INFO - task : ['barrier'], loss: 2.0799, hm_loss: 1.4733, loc_loss: 2.4266, loc_loss_elem: ['0.3683', '0.3654', '0.3107', '0.2136', '0.1635', '0.1612', '0.3650', '0.3265', '0.5145', '0.1912'], num_positive: 9.0000
2022-07-06 00:39:56,582 - INFO - task : ['motorcycle', 'bicycle'], loss: 2.4853, hm_loss: 1.5898, loc_loss: 3.5819, loc_loss_elem: ['0.1724', '0.1785', '0.8136', '0.4269', '0.5174', '0.3373', '0.3894', '1.4047', '0.1069', '0.6701'], num_positive: 1.2000
2022-07-06 00:39:56,582 - INFO - task : ['pedestrian', 'traffic_cone'], loss: 3.1757, hm_loss: 2.4956, loc_loss: 2.7207, loc_loss_elem: ['0.2862', '0.2094', '0.3914', '0.1786', '0.2123', '0.2901', '0.3048', '0.7086', '0.5542', '0.3959'], num_positive: 2.2000

2022-07-06 00:40:02,583 - INFO - Epoch [1/20][50/30895]	lr: 0.00040, eta: 12 days, 12:29:29, time: 1.201, data_time: 0.169, transfer_time: 0.007, forward_time: 0.514, loss_parse_time: 0.000 memory: 2735, 
2022-07-06 00:40:02,583 - INFO - task : ['car'], loss: 4.3809, hm_loss: 3.1765, loc_loss: 4.8176, loc_loss_elem: ['0.3893', '0.3081', '1.2000', '0.2503', '0.3197', '0.1687', '0.5995', '3.3672', '0.3991', '0.9891'], num_positive: 6.0000
2022-07-06 00:40:02,583 - INFO - task : ['truck', 'construction_vehicle'], loss: 3.1074, hm_loss: 2.3310, loc_loss: 3.1059, loc_loss_elem: ['0.2166', '0.3813', '0.8865', '0.0758', '0.1334', '0.2693', '0.2000', '0.5239', '0.6683', '0.3298'], num_positive: 1.4000
2022-07-06 00:40:02,583 - INFO - task : ['bus', 'trailer'], loss: 3.0588, hm_loss: 2.3907, loc_loss: 2.6724, loc_loss_elem: ['0.1890', '0.4687', '0.5975', '0.0842', '0.2390', '0.0534', '0.6658', '0.5277', '0.2436', '0.5582'], num_positive: 0.8000
2022-07-06 00:40:02,583 - INFO - task : ['barrier'], loss: 4.5987, hm_loss: 2.3071, loc_loss: 9.1663, loc_loss_elem: ['0.9555', '0.7486', '2.1244', '0.5954', '1.2396', '0.7068', '0.9381', '0.8272', '1.3519', '1.0911'], num_positive: 18.2000
2022-07-06 00:40:02,583 - INFO - task : ['motorcycle', 'bicycle'], loss: 2.0149, hm_loss: 1.5843, loc_loss: 1.7225, loc_loss_elem: ['0.0988', '0.0688', '0.2995', '0.2222', '0.1424', '0.1746', '0.1586', '0.5230', '0.1398', '0.4400'], num_positive: 0.8000
2022-07-06 00:40:02,584 - INFO - task : ['pedestrian', 'traffic_cone'], loss: 4.5606, hm_loss: 3.2697, loc_loss: 5.1634, loc_loss_elem: ['0.5718', '0.3833', '0.7459', '0.6003', '0.6250', '0.3893', '0.3442', '0.4439', '0.8739', '0.8163'], num_positive: 9.4000

2022-07-06 00:40:08,322 - INFO - Epoch [1/20][55/30895]	lr: 0.00040, eta: 12 days, 3:04:34, time: 1.148, data_time: 0.082, transfer_time: 0.006, forward_time: 0.552, loss_parse_time: 0.000 memory: 2735, 
2022-07-06 00:40:08,322 - INFO - task : ['car'], loss: 4.9118, hm_loss: 2.7802, loc_loss: 8.5261, loc_loss_elem: ['0.9372', '0.7154', '1.7649', '0.4594', '0.8378', '0.7487', '1.1200', '1.4710', '0.8035', '1.7410'], num_positive: 14.4000
2022-07-06 00:40:08,322 - INFO - task : ['truck', 'construction_vehicle'], loss: 4.8680, hm_loss: 3.3066, loc_loss: 6.2455, loc_loss_elem: ['0.4529', '0.8869', '1.7497', '0.2299', '0.4214', '0.2177', '1.0940', '2.2519', '0.6955', '0.9222'], num_positive: 3.0000
2022-07-06 00:40:08,322 - INFO - task : ['bus', 'trailer'], loss: 1.2670, hm_loss: 0.9708, loc_loss: 1.1847, loc_loss_elem: ['0.1610', '0.0009', '0.3398', '0.0135', '0.0987', '0.0296', '0.1113', '1.0548', '0.1031', '0.2049'], num_positive: 0.2000
2022-07-06 00:40:08,322 - INFO - task : ['barrier'], loss: 2.1174, hm_loss: 1.4108, loc_loss: 2.8263, loc_loss_elem: ['0.1681', '0.1866', '0.8285', '0.1398', '0.1782', '0.1337', '0.2200', '0.1808', '0.7934', '0.3179'], num_positive: 3.0000
2022-07-06 00:40:08,322 - INFO - task : ['motorcycle', 'bicycle'], loss: 5.6522, hm_loss: 2.4920, loc_loss: 12.6410, loc_loss_elem: ['1.7166', '0.9691', '0.4370', '1.2521', '1.9227', '1.6129', '1.7922', '1.3431', '1.8025', '2.3011'], num_positive: 1.0000
2022-07-06 00:40:08,322 - INFO - task : ['pedestrian', 'traffic_cone'], loss: 4.1867, hm_loss: 3.0036, loc_loss: 4.7325, loc_loss_elem: ['0.3231', '0.3379', '1.4075', '0.3704', '0.3903', '0.3187', '0.6207', '0.5241', '0.5419', '0.8138'], num_positive: 6.4000

2022-07-06 00:40:21,375 - INFO - Epoch [1/20][60/30895]	lr: 0.00040, eta: 12 days, 16:09:54, time: 2.611, data_time: 1.129, transfer_time: 0.007, forward_time: 0.985, loss_parse_time: 0.000 memory: 2735, 
2022-07-06 00:40:21,376 - INFO - task : ['car'], loss: 4.4104, hm_loss: 2.9943, loc_loss: 5.6640, loc_loss_elem: ['0.5171', '0.4573', '1.2018', '0.3344', '0.5737', '0.4786', '1.1981', '1.1241', '1.0756', '0.5610'], num_positive: 8.8000
2022-07-06 00:40:21,376 - INFO - task : ['truck', 'construction_vehicle'], loss: 5.5245, hm_loss: 3.8040, loc_loss: 6.8821, loc_loss_elem: ['0.5665', '0.7174', '1.2960', '0.5105', '0.5828', '0.7783', '1.8588', '1.0009', '1.1676', '0.6910'], num_positive: 4.4000
2022-07-06 00:40:21,376 - INFO - task : ['bus', 'trailer'], loss: 4.5365, hm_loss: 3.0784, loc_loss: 5.8322, loc_loss_elem: ['1.4112', '0.4912', '0.7933', '0.4718', '0.2662', '0.4402', '3.5363', '2.1717', '0.4447', '0.3720'], num_positive: 1.0000
2022-07-06 00:40:21,376 - INFO - task : ['barrier'], loss: 2.7471, hm_loss: 2.0525, loc_loss: 2.7787, loc_loss_elem: ['0.4760', '0.2908', '0.7410', '0.1543', '0.1867', '0.1994', '0.3929', '0.1199', '0.3962', '0.2318'], num_positive: 1.6000
2022-07-06 00:40:21,376 - INFO - task : ['motorcycle', 'bicycle'], loss: 3.1410, hm_loss: 2.2655, loc_loss: 3.5021, loc_loss_elem: ['0.3783', '0.2082', '0.4431', '0.5194', '0.1961', '0.1498', '1.2458', '1.7954', '0.7223', '0.2767'], num_positive: 1.0000
2022-07-06 00:40:21,376 - INFO - task : ['pedestrian', 'traffic_cone'], loss: 4.8417, hm_loss: 3.2605, loc_loss: 6.3247, loc_loss_elem: ['0.6342', '0.4389', '1.9358', '0.4944', '0.6850', '0.3082', '0.7821', '0.5198', '0.9248', '0.6429'], num_positive: 9.0000

2022-07-06 00:40:27,368 - INFO - Epoch [1/20][65/30895]	lr: 0.00040, eta: 12 days, 8:34:44, time: 1.198, data_time: 0.025, transfer_time: 0.006, forward_time: 0.671, loss_parse_time: 0.000 memory: 2736, 
2022-07-06 00:40:27,368 - INFO - task : ['car'], loss: 3.9598, hm_loss: 3.0545, loc_loss: 3.6216, loc_loss_elem: ['0.3071', '0.3338', '0.7685', '0.1363', '0.0793', '0.1180', '1.2623', '1.6591', '0.4899', '0.8044'], num_positive: 6.2000
2022-07-06 00:40:27,369 - INFO - task : ['truck', 'construction_vehicle'], loss: 3.0271, hm_loss: 2.3775, loc_loss: 2.5984, loc_loss_elem: ['0.2997', '0.2325', '0.8017', '0.1587', '0.1653', '0.1390', '0.2260', '0.1856', '0.1632', '0.5560'], num_positive: 1.6000
2022-07-06 00:40:27,369 - INFO - task : ['bus', 'trailer'], loss: 2.2941, hm_loss: 1.6951, loc_loss: 2.3960, loc_loss_elem: ['0.1061', '0.2253', '0.5086', '0.2644', '0.4951', '0.2306', '0.0415', '0.0705', '0.3809', '0.1627'], num_positive: 0.6000
2022-07-06 00:40:27,369 - INFO - task : ['barrier'], loss: 1.2751, hm_loss: 0.9960, loc_loss: 1.1165, loc_loss_elem: ['0.0596', '0.0574', '0.1680', '0.0571', '0.1666', '0.0258', '0.2254', '0.0505', '0.1822', '0.3445'], num_positive: 1.6000
2022-07-06 00:40:27,369 - INFO - task : ['motorcycle', 'bicycle'], loss: 2.0539, hm_loss: 1.6029, loc_loss: 1.8041, loc_loss_elem: ['0.1427', '0.1682', '0.2449', '0.2150', '0.0726', '0.1396', '0.2228', '0.9322', '0.3734', '0.2168'], num_positive: 0.8000
2022-07-06 00:40:27,369 - INFO - task : ['pedestrian', 'traffic_cone'], loss: 3.6319, hm_loss: 2.7732, loc_loss: 3.4346, loc_loss_elem: ['0.2607', '0.2922', '0.6319', '0.3170', '0.4944', '0.2997', '0.2870', '0.3213', '0.4702', '0.5469'], num_positive: 4.0000

2022-07-06 00:40:33,095 - INFO - Epoch [1/20][70/30895]	lr: 0.00040, eta: 12 days, 1:26:32, time: 1.146, data_time: 0.031, transfer_time: 0.008, forward_time: 0.628, loss_parse_time: 0.000 memory: 2736, 
2022-07-06 00:40:33,096 - INFO - task : ['car'], loss: 3.8210, hm_loss: 2.9324, loc_loss: 3.5542, loc_loss_elem: ['0.2766', '0.2323', '0.8252', '0.0979', '0.1226', '0.1555', '1.1752', '1.7101', '0.7445', '0.5226'], num_positive: 14.2000
2022-07-06 00:40:33,096 - INFO - task : ['truck', 'construction_vehicle'], loss: 4.6891, hm_loss: 3.7137, loc_loss: 3.9019, loc_loss_elem: ['0.2673', '0.1783', '1.1750', '0.1991', '0.2584', '0.2647', '0.1697', '0.8152', '0.7744', '0.5878'], num_positive: 1.8000
2022-07-06 00:40:33,096 - INFO - task : ['bus', 'trailer'], loss: 3.3440, hm_loss: 2.4874, loc_loss: 3.4262, loc_loss_elem: ['0.3343', '0.1905', '0.1552', '0.3914', '0.4132', '0.2010', '1.0836', '1.7563', '0.4771', '0.6956'], num_positive: 0.6000
2022-07-06 00:40:33,096 - INFO - task : ['barrier'], loss: 6.7761, hm_loss: 3.3168, loc_loss: 13.8370, loc_loss_elem: ['2.3187', '1.4919', '3.7118', '1.4041', '0.9407', '0.3803', '1.5832', '1.8754', '1.5655', '1.3322'], num_positive: 15.8000
2022-07-06 00:40:33,096 - INFO - task : ['motorcycle', 'bicycle'], loss: 0.2521, hm_loss: 0.2521, loc_loss: 0.0000, loc_loss_elem: ['0.0000', '0.0000', '0.0000', '0.0000', '0.0000', '0.0000', '0.0000', '0.0000', '0.0000', '0.0000'], num_positive: 0.0000
2022-07-06 00:40:33,096 - INFO - task : ['pedestrian', 'traffic_cone'], loss: 5.8999, hm_loss: 3.2723, loc_loss: 10.5104, loc_loss_elem: ['0.9872', '1.0986', '2.4466', '0.8141', '0.8670', '1.1575', '0.7791', '1.2417', '1.5491', '1.1859'], num_positive: 18.6000

2022-07-06 00:40:45,335 - INFO - Epoch [1/20][75/30895]	lr: 0.00040, eta: 12 days, 10:08:37, time: 2.447, data_time: 1.227, transfer_time: 0.007, forward_time: 0.721, loss_parse_time: 0.000 memory: 2736, 
2022-07-06 00:40:45,338 - INFO - task : ['car'], loss: 3.6198, hm_loss: 2.7432, loc_loss: 3.5067, loc_loss_elem: ['0.2822', '0.2588', '1.0980', '0.1183', '0.1493', '0.1311', '0.4309', '1.1468', '0.2905', '0.8629'], num_positive: 9.6000
2022-07-06 00:40:45,338 - INFO - task : ['truck', 'construction_vehicle'], loss: 4.5461, hm_loss: 3.5717, loc_loss: 3.8975, loc_loss_elem: ['0.3339', '0.2875', '0.9694', '0.2398', '0.3028', '0.3145', '0.5775', '0.9695', '0.4469', '0.6934'], num_positive: 2.8000
2022-07-06 00:40:45,338 - INFO - task : ['bus', 'trailer'], loss: 4.0542, hm_loss: 3.1403, loc_loss: 3.6555, loc_loss_elem: ['0.3580', '0.2372', '0.9598', '0.2067', '0.3501', '0.1142', '0.6248', '0.7302', '0.2740', '0.8844'], num_positive: 1.8000
2022-07-06 00:40:45,338 - INFO - task : ['barrier'], loss: 1.0085, hm_loss: 0.8462, loc_loss: 0.6492, loc_loss_elem: ['0.1045', '0.0727', '0.0536', '0.0349', '0.0232', '0.0504', '0.0674', '0.1102', '0.1988', '0.0757'], num_positive: 7.8000
2022-07-06 00:40:45,338 - INFO - task : ['motorcycle', 'bicycle'], loss: 1.1824, hm_loss: 0.8909, loc_loss: 1.1662, loc_loss_elem: ['0.1389', '0.0789', '0.3978', '0.0671', '0.0330', '0.0495', '0.0338', '0.0138', '0.0369', '0.3545'], num_positive: 0.4000
2022-07-06 00:40:45,338 - INFO - task : ['pedestrian', 'traffic_cone'], loss: 3.2106, hm_loss: 2.4520, loc_loss: 3.0345, loc_loss_elem: ['0.2077', '0.3234', '0.6588', '0.2525', '0.2588', '0.1796', '0.1933', '0.5502', '0.4179', '0.5871'], num_positive: 7.0000

2022-07-06 00:40:51,598 - INFO - Epoch [1/20][80/30895]	lr: 0.00040, eta: 12 days, 4:56:45, time: 1.253, data_time: 0.028, transfer_time: 0.007, forward_time: 0.716, loss_parse_time: 0.000 memory: 2736, 
2022-07-06 00:40:51,598 - INFO - task : ['car'], loss: 3.5817, hm_loss: 2.8354, loc_loss: 2.9850, loc_loss_elem: ['0.2409', '0.1985', '0.9083', '0.0911', '0.1510', '0.1381', '0.4228', '1.2374', '0.4057', '0.5193'], num_positive: 15.0000
2022-07-06 00:40:51,598 - INFO - task : ['truck', 'construction_vehicle'], loss: 3.7979, hm_loss: 2.6041, loc_loss: 4.7751, loc_loss_elem: ['0.4697', '0.3667', '1.3740', '0.4299', '0.1620', '0.3836', '0.5118', '0.8290', '0.4593', '0.8618'], num_positive: 0.8000
2022-07-06 00:40:51,598 - INFO - task : ['bus', 'trailer'], loss: 2.2757, hm_loss: 1.6227, loc_loss: 2.6122, loc_loss_elem: ['0.3317', '0.0844', '0.4723', '0.2519', '0.0573', '0.0961', '0.1671', '2.0960', '0.0986', '0.7672'], num_positive: 0.4000
2022-07-06 00:40:51,598 - INFO - task : ['barrier'], loss: 3.2669, hm_loss: 1.9809, loc_loss: 5.1440, loc_loss_elem: ['0.5987', '0.4667', '0.7121', '0.3680', '0.7452', '0.3483', '0.5056', '0.4729', '1.0416', '0.6677'], num_positive: 13.6000
2022-07-06 00:40:51,598 - INFO - task : ['motorcycle', 'bicycle'], loss: 1.9844, hm_loss: 1.6517, loc_loss: 1.3305, loc_loss_elem: ['0.1882', '0.2300', '0.2045', '0.1136', '0.0561', '0.0719', '0.1955', '0.0280', '0.2084', '0.2130'], num_positive: 0.6000
2022-07-06 00:40:51,598 - INFO - task : ['pedestrian', 'traffic_cone'], loss: 6.9295, hm_loss: 3.1511, loc_loss: 15.1137, loc_loss_elem: ['1.1018', '1.0146', '5.1803', '1.5802', '1.2718', '1.7872', '0.7904', '1.3355', '1.1711', '1.5815'], num_positive: 7.6000

2022-07-06 00:40:57,902 - INFO - Epoch [1/20][85/30895]	lr: 0.00040, eta: 12 days, 0:26:18, time: 1.261, data_time: 0.025, transfer_time: 0.006, forward_time: 0.734, loss_parse_time: 0.000 memory: 2736, 
2022-07-06 00:40:57,903 - INFO - task : ['car'], loss: 3.5652, hm_loss: 2.5898, loc_loss: 3.9016, loc_loss_elem: ['0.3664', '0.3177', '0.9256', '0.1217', '0.2337', '0.1620', '0.5422', '1.2940', '0.7367', '0.6705'], num_positive: 14.4000
2022-07-06 00:40:57,903 - INFO - task : ['truck', 'construction_vehicle'], loss: 3.8240, hm_loss: 3.0082, loc_loss: 3.2632, loc_loss_elem: ['0.3157', '0.2017', '0.8558', '0.1054', '0.1871', '0.2163', '0.3724', '0.1334', '0.6348', '0.6452'], num_positive: 3.8000
2022-07-06 00:40:57,903 - INFO - task : ['bus', 'trailer'], loss: 3.8279, hm_loss: 2.9898, loc_loss: 3.3524, loc_loss_elem: ['0.1996', '0.1652', '0.8616', '0.2988', '0.4172', '0.0957', '0.6624', '0.1343', '0.5044', '0.6504'], num_positive: 1.4000
2022-07-06 00:40:57,903 - INFO - task : ['barrier'], loss: 2.7259, hm_loss: 2.0940, loc_loss: 2.5275, loc_loss_elem: ['0.2729', '0.2388', '0.7801', '0.1454', '0.1189', '0.1454', '0.1074', '0.2416', '0.4115', '0.3445'], num_positive: 3.6000
2022-07-06 00:40:57,903 - INFO - task : ['motorcycle', 'bicycle'], loss: 2.8848, hm_loss: 2.1767, loc_loss: 2.8325, loc_loss_elem: ['0.2735', '0.1505', '0.6835', '0.4274', '0.0853', '0.1327', '0.2380', '0.1770', '0.4953', '0.5013'], num_positive: 1.6000
2022-07-06 00:40:57,903 - INFO - task : ['pedestrian', 'traffic_cone'], loss: 2.8966, hm_loss: 2.3251, loc_loss: 2.2861, loc_loss_elem: ['0.1727', '0.1997', '0.5057', '0.2126', '0.2330', '0.1852', '0.2436', '0.3984', '0.2623', '0.3863'], num_positive: 4.4000

2022-07-06 00:41:03,672 - INFO - Epoch [1/20][90/30895]	lr: 0.00040, eta: 11 days, 19:24:40, time: 1.154, data_time: 0.044, transfer_time: 0.006, forward_time: 0.603, loss_parse_time: 0.000 memory: 2736, 
2022-07-06 00:41:03,673 - INFO - task : ['car'], loss: 3.5717, hm_loss: 2.8648, loc_loss: 2.8279, loc_loss_elem: ['0.2648', '0.2304', '0.3836', '0.0822', '0.1778', '0.1207', '0.4474', '1.6645', '0.4967', '0.6493'], num_positive: 6.8000
2022-07-06 00:41:03,673 - INFO - task : ['truck', 'construction_vehicle'], loss: 3.6670, hm_loss: 3.0543, loc_loss: 2.4510, loc_loss_elem: ['0.1822', '0.1313', '0.2971', '0.1792', '0.1934', '0.1121', '0.2896', '0.2228', '0.6985', '0.5548'], num_positive: 1.4000
2022-07-06 00:41:03,673 - INFO - task : ['bus', 'trailer'], loss: 0.2485, hm_loss: 0.2485, loc_loss: 0.0000, loc_loss_elem: ['0.0000', '0.0000', '0.0000', '0.0000', '0.0000', '0.0000', '0.0000', '0.0000', '0.0000', '0.0000'], num_positive: 0.0000
2022-07-06 00:41:03,673 - INFO - task : ['barrier'], loss: 1.0217, hm_loss: 0.8310, loc_loss: 0.7631, loc_loss_elem: ['0.0400', '0.0976', '0.1750', '0.0902', '0.0073', '0.0434', '0.0367', '0.0188', '0.0358', '0.2626'], num_positive: 0.2000
2022-07-06 00:41:03,673 - INFO - task : ['motorcycle', 'bicycle'], loss: 3.5621, hm_loss: 2.8794, loc_loss: 2.7308, loc_loss_elem: ['0.2621', '0.1641', '0.3664', '0.3900', '0.2346', '0.1253', '0.3296', '0.6274', '0.2641', '0.7328'], num_positive: 0.8000
2022-07-06 00:41:03,673 - INFO - task : ['pedestrian', 'traffic_cone'], loss: 4.3445, hm_loss: 3.3684, loc_loss: 3.9044, loc_loss_elem: ['0.2448', '0.2487', '0.9424', '0.3641', '0.3983', '0.2122', '0.3385', '0.2202', '0.7341', '0.6482'], num_positive: 5.6000

2022-07-06 00:41:16,833 - INFO - Epoch [1/20][95/30895]	lr: 0.00040, eta: 12 days, 4:15:58, time: 2.632, data_time: 1.293, transfer_time: 0.007, forward_time: 0.834, loss_parse_time: 0.000 memory: 2736, 
2022-07-06 00:41:16,833 - INFO - task : ['car'], loss: 4.8050, hm_loss: 3.2476, loc_loss: 6.2296, loc_loss_elem: ['0.7557', '0.4065', '1.6568', '0.2336', '0.4032', '0.2856', '1.6439', '2.2488', '0.7008', '1.0088'], num_positive: 5.0000
2022-07-06 00:41:16,833 - INFO - task : ['truck', 'construction_vehicle'], loss: 3.6050, hm_loss: 2.4977, loc_loss: 4.4290, loc_loss_elem: ['0.4992', '0.4040', '0.9329', '0.4432', '0.4832', '0.3792', '0.2655', '0.5093', '0.7932', '0.3391'], num_positive: 1.8000
2022-07-06 00:41:16,833 - INFO - task : ['bus', 'trailer'], loss: 1.5715, hm_loss: 1.0147, loc_loss: 2.2272, loc_loss_elem: ['0.3444', '0.2831', '0.3414', '0.3011', '0.1086', '0.2566', '0.3127', '0.1306', '0.2527', '0.2506'], num_positive: 2.0000
2022-07-06 00:41:16,833 - INFO - task : ['barrier'], loss: 1.0913, hm_loss: 0.8812, loc_loss: 0.8402, loc_loss_elem: ['0.0915', '0.0689', '0.1723', '0.0696', '0.1170', '0.0389', '0.0463', '0.1855', '0.1875', '0.0482'], num_positive: 7.6000
2022-07-06 00:41:16,833 - INFO - task : ['motorcycle', 'bicycle'], loss: 3.3528, hm_loss: 2.4881, loc_loss: 3.4587, loc_loss_elem: ['0.2343', '0.2510', '0.1819', '0.5873', '0.6284', '0.5119', '0.4000', '0.0658', '0.3504', '0.6203'], num_positive: 1.4000
2022-07-06 00:41:16,833 - INFO - task : ['pedestrian', 'traffic_cone'], loss: 4.8653, hm_loss: 3.3788, loc_loss: 5.9460, loc_loss_elem: ['0.7886', '0.4669', '1.1054', '0.4365', '0.4929', '0.4131', '0.5568', '0.7398', '1.0409', '0.9424'], num_positive: 10.6000

2022-07-06 00:41:22,164 - INFO - Epoch [1/20][100/30895]	lr: 0.00040, eta: 11 days, 22:47:59, time: 1.066, data_time: 0.193, transfer_time: 0.007, forward_time: 0.387, loss_parse_time: 0.000 memory: 2736, 
2022-07-06 00:41:22,164 - INFO - task : ['car'], loss: 4.2203, hm_loss: 3.1957, loc_loss: 4.0982, loc_loss_elem: ['0.2395', '0.3647', '0.7618', '0.0947', '0.1369', '0.1432', '0.8774', '3.9898', '0.5158', '0.8682'], num_positive: 8.0000
2022-07-06 00:41:22,165 - INFO - task : ['truck', 'construction_vehicle'], loss: 3.6464, hm_loss: 2.6212, loc_loss: 4.1010, loc_loss_elem: ['0.2952', '0.1657', '1.0185', '0.3723', '0.3875', '0.3821', '0.4443', '1.1335', '0.4729', '0.6911'], num_positive: 3.4000
2022-07-06 00:41:22,165 - INFO - task : ['bus', 'trailer'], loss: 3.4479, hm_loss: 2.5061, loc_loss: 3.7672, loc_loss_elem: ['0.2064', '0.2753', '0.9812', '0.6527', '0.1239', '0.1611', '0.7925', '0.5150', '0.6162', '0.4889'], num_positive: 0.8000
2022-07-06 00:41:22,165 - INFO - task : ['barrier'], loss: 2.3315, hm_loss: 1.4474, loc_loss: 3.5365, loc_loss_elem: ['0.4205', '0.3122', '0.7125', '0.2872', '0.3202', '0.4981', '0.3795', '0.5896', '0.3861', '0.4059'], num_positive: 5.6000
2022-07-06 00:41:22,165 - INFO - task : ['motorcycle', 'bicycle'], loss: 0.1439, hm_loss: 0.1439, loc_loss: 0.0000, loc_loss_elem: ['0.0000', '0.0000', '0.0000', '0.0000', '0.0000', '0.0000', '0.0000', '0.0000', '0.0000', '0.0000'], num_positive: 0.0000
2022-07-06 00:41:22,165 - INFO - task : ['pedestrian', 'traffic_cone'], loss: 5.3569, hm_loss: 3.2111, loc_loss: 8.5833, loc_loss_elem: ['0.6809', '0.5119', '3.0721', '0.3492', '1.0057', '0.3363', '0.7800', '0.7033', '1.1920', '1.1386'], num_positive: 7.6000

2022-07-06 00:41:28,461 - INFO - Epoch [1/20][105/30895]	lr: 0.00040, eta: 11 days, 19:25:59, time: 1.260, data_time: 0.180, transfer_time: 0.005, forward_time: 0.572, loss_parse_time: 0.000 memory: 2736, 
2022-07-06 00:41:28,461 - INFO - task : ['car'], loss: 3.5892, hm_loss: 2.6628, loc_loss: 3.7057, loc_loss_elem: ['0.3750', '0.3923', '0.7482', '0.0956', '0.1356', '0.1367', '0.8781', '2.9319', '0.2631', '0.7973'], num_positive: 8.6000
2022-07-06 00:41:28,461 - INFO - task : ['truck', 'construction_vehicle'], loss: 4.8517, hm_loss: 3.7471, loc_loss: 4.4184, loc_loss_elem: ['0.2013', '0.2258', '1.0735', '0.4503', '0.7314', '0.3568', '0.4604', '0.3522', '0.6430', '0.5737'], num_positive: 1.8000
2022-07-06 00:41:28,462 - INFO - task : ['bus', 'trailer'], loss: 3.2842, hm_loss: 2.4391, loc_loss: 3.3804, loc_loss_elem: ['0.3174', '0.2823', '1.0217', '0.2390', '0.2839', '0.2377', '0.4769', '0.3852', '0.3211', '0.5049'], num_positive: 1.2000
2022-07-06 00:41:28,462 - INFO - task : ['barrier'], loss: 3.5796, hm_loss: 2.6037, loc_loss: 3.9035, loc_loss_elem: ['0.2946', '0.4339', '0.8236', '0.4875', '0.5784', '0.2162', '0.4493', '0.4167', '0.4982', '0.3979'], num_positive: 10.0000
2022-07-06 00:41:28,462 - INFO - task : ['motorcycle', 'bicycle'], loss: 0.9627, hm_loss: 0.7981, loc_loss: 0.6582, loc_loss_elem: ['0.0442', '0.0860', '0.2070', '0.0097', '0.0217', '0.0527', '0.0612', '0.0198', '0.1931', '0.0274'], num_positive: 0.6000
2022-07-06 00:41:28,462 - INFO - task : ['pedestrian', 'traffic_cone'], loss: 4.1272, hm_loss: 3.0629, loc_loss: 4.2574, loc_loss_elem: ['0.2826', '0.3061', '1.1279', '0.2661', '0.3347', '0.3424', '0.1508', '0.6942', '0.5127', '0.9159'], num_positive: 14.8000

2022-07-06 00:41:34,254 - INFO - Epoch [1/20][110/30895]	lr: 0.00040, eta: 11 days, 15:35:07, time: 1.159, data_time: 0.033, transfer_time: 0.005, forward_time: 0.618, loss_parse_time: 0.000 memory: 2736, 
2022-07-06 00:41:34,254 - INFO - task : ['car'], loss: 3.7682, hm_loss: 2.8712, loc_loss: 3.5879, loc_loss_elem: ['0.3534', '0.3252', '0.8828', '0.0972', '0.1718', '0.1207', '0.8940', '1.5215', '0.5813', '0.5724'], num_positive: 9.8000
2022-07-06 00:41:34,254 - INFO - task : ['truck', 'construction_vehicle'], loss: 4.6062, hm_loss: 3.6132, loc_loss: 3.9719, loc_loss_elem: ['0.1898', '0.5330', '0.9632', '0.3508', '0.2467', '0.2844', '0.7515', '1.1474', '0.3621', '0.6621'], num_positive: 2.2000
2022-07-06 00:41:34,254 - INFO - task : ['bus', 'trailer'], loss: 1.1422, hm_loss: 0.9129, loc_loss: 0.9173, loc_loss_elem: ['0.1519', '0.0441', '0.0568', '0.0014', '0.0428', '0.0327', '0.0250', '1.5187', '0.0103', '0.2687'], num_positive: 0.2000
2022-07-06 00:41:34,254 - INFO - task : ['barrier'], loss: 1.7718, hm_loss: 1.3989, loc_loss: 1.4916, loc_loss_elem: ['0.0756', '0.1062', '0.2521', '0.1363', '0.1377', '0.0809', '0.0859', '0.1103', '0.5169', '0.1467'], num_positive: 11.6000
2022-07-06 00:41:34,255 - INFO - task : ['motorcycle', 'bicycle'], loss: 0.1931, hm_loss: 0.1931, loc_loss: 0.0000, loc_loss_elem: ['0.0000', '0.0000', '0.0000', '0.0000', '0.0000', '0.0000', '0.0000', '0.0000', '0.0000', '0.0000'], num_positive: 0.0000
2022-07-06 00:41:34,255 - INFO - task : ['pedestrian', 'traffic_cone'], loss: 3.8283, hm_loss: 2.8220, loc_loss: 4.0253, loc_loss_elem: ['0.2541', '0.2895', '0.8962', '0.4267', '0.5116', '0.2636', '0.3587', '0.4906', '0.5483', '0.6654'], num_positive: 13.2000

2022-07-06 00:41:46,545 - INFO - Epoch [1/20][115/30895]	lr: 0.00040, eta: 11 days, 21:45:47, time: 2.458, data_time: 1.322, transfer_time: 0.007, forward_time: 0.627, loss_parse_time: 0.000 memory: 2736, 
2022-07-06 00:41:46,545 - INFO - task : ['car'], loss: 3.9344, hm_loss: 2.4672, loc_loss: 5.8689, loc_loss_elem: ['0.3312', '0.3777', '1.7464', '0.4917', '0.6233', '0.1285', '1.1774', '1.5224', '0.7802', '0.8499'], num_positive: 10.8000
2022-07-06 00:41:46,545 - INFO - task : ['truck', 'construction_vehicle'], loss: 4.6108, hm_loss: 2.8310, loc_loss: 7.1191, loc_loss_elem: ['0.3427', '0.6563', '1.7139', '0.7394', '0.4845', '0.9636', '2.0080', '2.4601', '0.4525', '0.8725'], num_positive: 2.4000
2022-07-06 00:41:46,545 - INFO - task : ['bus', 'trailer'], loss: 4.0601, hm_loss: 3.0189, loc_loss: 4.1649, loc_loss_elem: ['0.2098', '0.4186', '0.7574', '0.2228', '0.3512', '0.3455', '0.2368', '2.0670', '0.0864', '1.3125'], num_positive: 0.8000
2022-07-06 00:41:46,546 - INFO - task : ['barrier'], loss: 4.2820, hm_loss: 2.4712, loc_loss: 7.2429, loc_loss_elem: ['0.5391', '1.1437', '0.9661', '0.3731', '0.5702', '0.4677', '0.7976', '0.6872', '1.1044', '1.7816'], num_positive: 12.2000
2022-07-06 00:41:46,546 - INFO - task : ['motorcycle', 'bicycle'], loss: 2.9422, hm_loss: 2.3229, loc_loss: 2.4771, loc_loss_elem: ['0.1054', '0.1977', '0.5418', '0.2203', '0.0999', '0.2666', '0.2982', '0.1644', '0.5044', '0.4485'], num_positive: 0.6000
2022-07-06 00:41:46,546 - INFO - task : ['pedestrian', 'traffic_cone'], loss: 12.8286, hm_loss: 3.3715, loc_loss: 37.8285, loc_loss_elem: ['1.8486', '2.4610', '12.8896', '2.9103', '6.1020', '1.7278', '2.4544', '2.8915', '3.7081', '5.1118'], num_positive: 18.8000

2022-07-06 00:41:52,411 - INFO - Epoch [1/20][120/30895]	lr: 0.00040, eta: 11 days, 18:14:51, time: 1.174, data_time: 0.235, transfer_time: 0.006, forward_time: 0.434, loss_parse_time: 0.000 memory: 2736, 
2022-07-06 00:41:52,411 - INFO - task : ['car'], loss: 3.8468, hm_loss: 2.8872, loc_loss: 3.8384, loc_loss_elem: ['0.4153', '0.2670', '0.8382', '0.0831', '0.1495', '0.1393', '1.5027', '2.5724', '0.5189', '0.6121'], num_positive: 5.0000
2022-07-06 00:41:52,411 - INFO - task : ['truck', 'construction_vehicle'], loss: 4.2072, hm_loss: 3.3104, loc_loss: 3.5871, loc_loss_elem: ['0.3100', '0.2881', '0.9192', '0.2373', '0.3152', '0.3176', '0.1895', '0.3012', '0.7557', '0.3458'], num_positive: 5.2000
2022-07-06 00:41:52,411 - INFO - task : ['bus', 'trailer'], loss: 3.3027, hm_loss: 2.4592, loc_loss: 3.3742, loc_loss_elem: ['0.4519', '0.3501', '0.5711', '0.2392', '0.3254', '0.2354', '0.4228', '0.2771', '0.4081', '0.6529'], num_positive: 2.6000
2022-07-06 00:41:52,411 - INFO - task : ['barrier'], loss: 2.6007, hm_loss: 2.0233, loc_loss: 2.3093, loc_loss_elem: ['0.1961', '0.1284', '0.5642', '0.2427', '0.2823', '0.1263', '0.1145', '0.1496', '0.4821', '0.2345'], num_positive: 9.4000
2022-07-06 00:41:52,411 - INFO - task : ['motorcycle', 'bicycle'], loss: 1.9382, hm_loss: 1.5257, loc_loss: 1.6498, loc_loss_elem: ['0.1352', '0.0834', '0.2178', '0.0286', '0.1199', '0.1202', '1.3244', '0.7010', '0.4395', '0.0999'], num_positive: 0.4000
2022-07-06 00:41:52,411 - INFO - task : ['pedestrian', 'traffic_cone'], loss: 3.4429, hm_loss: 2.6975, loc_loss: 2.9817, loc_loss_elem: ['0.2249', '0.1523', '0.8374', '0.1171', '0.1777', '0.2105', '0.2716', '0.6191', '0.6479', '0.4358'], num_positive: 4.6000

