2022-07-06 00:13:21,597 - INFO - Start running, host: xiyuez2@ccc0285.campuscluster.illinois.edu, work_dir: /projects/perception/personals/xiyue/CenterPoint_cuda11/work_dirs/nusc_centerpoint_pp_02voxel_two_pfn_10sweep
2022-07-06 00:13:21,599 - INFO - workflow: [('train', 1)], max: 20 epochs
2022-07-06 00:13:41,311 - INFO - Epoch [1/20][5/30895]	lr: 0.00040, eta: 28 days, 4:34:21, time: 3.942, data_time: 3.097, transfer_time: 0.121, forward_time: 0.275, loss_parse_time: 0.000 memory: 8717, 
2022-07-06 00:13:41,311 - INFO - task : ['car'], loss: 18.6113, hm_loss: 8.6026, loc_loss: 40.0346, loc_loss_elem: ['3.5847', '4.3145', '6.3027', '5.1713', '3.2698', '7.1635', '3.2116', '3.6619', '4.9992', '3.8542'], num_positive: 38.0000
2022-07-06 00:13:41,311 - INFO - task : ['truck', 'construction_vehicle'], loss: 30.2386, hm_loss: 16.5108, loc_loss: 54.9116, loc_loss_elem: ['5.4670', '11.1376', '9.8467', '3.6799', '5.2760', '4.1168', '5.3307', '6.1726', '6.4940', '6.5930'], num_positive: 9.2000
2022-07-06 00:13:41,311 - INFO - task : ['bus', 'trailer'], loss: 120.4656, hm_loss: 109.3034, loc_loss: 44.6489, loc_loss_elem: ['2.0299', '5.2243', '9.9936', '4.8060', '4.1593', '8.3121', '5.3410', '4.2597', '2.4667', '5.7368'], num_positive: 2.4000
2022-07-06 00:13:41,311 - INFO - task : ['barrier'], loss: 17.8769, hm_loss: 7.6997, loc_loss: 40.7089, loc_loss_elem: ['4.0751', '4.9043', '6.5140', '4.6038', '3.6680', '3.7855', '7.3533', '7.1464', '5.9322', '4.3259'], num_positive: 16.0000
2022-07-06 00:13:41,311 - INFO - task : ['motorcycle', 'bicycle'], loss: 64.1712, hm_loss: 50.4371, loc_loss: 54.9365, loc_loss_elem: ['4.3423', '5.1075', '11.0412', '7.7027', '6.6058', '6.3507', '7.4054', '5.3150', '6.2283', '5.0138'], num_positive: 2.8000
2022-07-06 00:13:41,311 - INFO - task : ['pedestrian', 'traffic_cone'], loss: 22.7860, hm_loss: 6.5707, loc_loss: 64.8615, loc_loss_elem: ['5.4851', '5.5610', '15.1616', '6.9535', '5.8754', '9.3497', '4.9211', '5.4923', '7.4679', '6.9246'], num_positive: 38.2000

2022-07-06 00:13:47,623 - INFO - Epoch [1/20][10/30895]	lr: 0.00040, eta: 18 days, 14:36:56, time: 1.262, data_time: 0.647, transfer_time: 0.084, forward_time: 0.176, loss_parse_time: 0.000 memory: 8717, 
2022-07-06 00:13:47,623 - INFO - task : ['car'], loss: 11.4063, hm_loss: 3.6896, loc_loss: 30.8667, loc_loss_elem: ['3.3156', '3.3573', '4.2852', '3.4253', '2.4731', '6.5705', '2.4442', '3.8965', '3.3854', '2.7862'], num_positive: 44.4000
2022-07-06 00:13:47,624 - INFO - task : ['truck', 'construction_vehicle'], loss: 17.0531, hm_loss: 9.2452, loc_loss: 31.2314, loc_loss_elem: ['3.1675', '6.0203', '5.3595', '2.9665', '3.4346', '2.5193', '2.2338', '3.1281', '3.5506', '3.1407'], num_positive: 8.8000
2022-07-06 00:13:47,624 - INFO - task : ['bus', 'trailer'], loss: 31.0947, hm_loss: 21.0387, loc_loss: 40.2243, loc_loss_elem: ['3.8518', '4.7469', '3.9508', '2.0487', '5.0823', '6.6980', '3.2384', '4.5696', '3.8814', '8.4029'], num_positive: 4.4000
2022-07-06 00:13:47,624 - INFO - task : ['barrier'], loss: 11.2669, hm_loss: 6.1548, loc_loss: 20.4483, loc_loss_elem: ['2.2725', '2.6813', '3.6668', '2.3924', '1.8087', '1.3114', '2.7149', '2.7539', '2.9502', '2.2714'], num_positive: 20.8000
2022-07-06 00:13:47,624 - INFO - task : ['motorcycle', 'bicycle'], loss: 29.4275, hm_loss: 20.8942, loc_loss: 34.1333, loc_loss_elem: ['3.6738', '2.5936', '7.4444', '3.7468', '4.0027', '3.7852', '2.4361', '3.4587', '2.8783', '4.8296'], num_positive: 3.0000
2022-07-06 00:13:47,624 - INFO - task : ['pedestrian', 'traffic_cone'], loss: 12.6005, hm_loss: 4.3686, loc_loss: 32.9278, loc_loss_elem: ['3.7510', '3.2482', '6.6023', '3.2699', '2.9244', '3.1284', '3.1102', '3.5328', '4.1647', '4.5104'], num_positive: 29.0000

2022-07-06 00:13:54,639 - INFO - Epoch [1/20][15/30895]	lr: 0.00040, eta: 15 days, 18:01:24, time: 1.403, data_time: 0.727, transfer_time: 0.110, forward_time: 0.165, loss_parse_time: 0.000 memory: 8717, 
2022-07-06 00:13:54,639 - INFO - task : ['car'], loss: 7.9960, hm_loss: 2.8449, loc_loss: 20.6045, loc_loss_elem: ['1.8750', '2.0640', '3.2298', '2.2873', '1.8120', '3.1793', '1.6347', '3.1614', '3.2066', '1.9914'], num_positive: 42.8000
2022-07-06 00:13:54,641 - INFO - task : ['truck', 'construction_vehicle'], loss: 9.7655, hm_loss: 4.5152, loc_loss: 21.0014, loc_loss_elem: ['2.4940', '4.3516', '3.4490', '1.7271', '2.4396', '1.2518', '2.1072', '2.7995', '2.0644', '2.2426'], num_positive: 9.8000
2022-07-06 00:13:54,641 - INFO - task : ['bus', 'trailer'], loss: 17.8962, hm_loss: 10.3727, loc_loss: 30.0939, loc_loss_elem: ['1.8804', '2.9778', '5.7327', '2.1661', '4.5933', '4.1884', '3.9254', '2.0914', '3.0678', '4.2841'], num_positive: 3.4000
2022-07-06 00:13:54,641 - INFO - task : ['barrier'], loss: 8.2252, hm_loss: 4.0999, loc_loss: 16.5012, loc_loss_elem: ['1.8240', '1.7297', '2.5497', '1.8485', '1.9213', '1.3592', '2.0036', '2.0287', '2.1872', '2.2751'], num_positive: 31.6000
2022-07-06 00:13:54,641 - INFO - task : ['motorcycle', 'bicycle'], loss: 13.9040, hm_loss: 9.1048, loc_loss: 19.1967, loc_loss_elem: ['1.8277', '2.3536', '2.1199', '2.2813', '1.5678', '1.8201', '2.8162', '3.5519', '1.6617', '4.2908'], num_positive: 2.8000
2022-07-06 00:13:54,641 - INFO - task : ['pedestrian', 'traffic_cone'], loss: 9.3790, hm_loss: 3.0770, loc_loss: 25.2079, loc_loss_elem: ['2.5150', '3.0045', '5.6501', '2.3387', '1.9825', '2.0315', '2.0866', '3.0523', '3.4770', '3.1808'], num_positive: 43.0000

2022-07-06 00:14:11,223 - INFO - Epoch [1/20][20/30895]	lr: 0.00040, eta: 17 days, 17:49:52, time: 3.317, data_time: 2.656, transfer_time: 0.073, forward_time: 0.212, loss_parse_time: 0.000 memory: 8839, 
2022-07-06 00:14:11,223 - INFO - task : ['car'], loss: 7.5336, hm_loss: 3.6281, loc_loss: 15.6221, loc_loss_elem: ['1.5517', '1.4587', '2.5523', '1.5333', '1.6605', '2.1804', '2.0829', '2.4552', '2.0399', '1.7376'], num_positive: 31.2000
2022-07-06 00:14:11,223 - INFO - task : ['truck', 'construction_vehicle'], loss: 9.2213, hm_loss: 4.0189, loc_loss: 20.8092, loc_loss_elem: ['1.7973', '5.5395', '2.8813', '1.6778', '1.8834', '2.0074', '2.1460', '2.9554', '2.0612', '1.9410'], num_positive: 7.6000
2022-07-06 00:14:11,223 - INFO - task : ['bus', 'trailer'], loss: 12.6629, hm_loss: 6.7902, loc_loss: 23.4908, loc_loss_elem: ['1.8117', '1.4465', '3.1446', '1.9756', '2.0459', '3.1200', '2.3335', '1.5480', '1.8624', '7.3079'], num_positive: 3.6000
2022-07-06 00:14:11,223 - INFO - task : ['barrier'], loss: 6.6039, hm_loss: 2.9906, loc_loss: 14.4534, loc_loss_elem: ['1.6670', '1.6272', '2.9047', '1.2226', '1.3421', '1.3410', '1.8027', '1.8190', '2.2388', '1.3857'], num_positive: 35.6000
2022-07-06 00:14:11,223 - INFO - task : ['motorcycle', 'bicycle'], loss: 8.5243, hm_loss: 5.4188, loc_loss: 12.4218, loc_loss_elem: ['1.0047', '1.6449', '2.9262', '0.7542', '1.3129', '1.2581', '0.8954', '1.2715', '2.1160', '0.9714'], num_positive: 1.8000
2022-07-06 00:14:11,223 - INFO - task : ['pedestrian', 'traffic_cone'], loss: 6.3547, hm_loss: 2.7908, loc_loss: 14.2556, loc_loss_elem: ['1.3801', '1.8060', '2.7472', '1.3513', '1.1178', '1.0800', '1.5088', '1.7151', '2.2513', '1.8771'], num_positive: 40.4000

