2022-07-06 00:44:45,062 - INFO - Start running, host: xiyuez2@ccc0285.campuscluster.illinois.edu, work_dir: /projects/perception/personals/xiyue/CenterPoint_cuda11/work_dirs/nusc_centerpoint_pp_02voxel_two_pfn_10sweep
2022-07-06 00:44:45,064 - INFO - workflow: [('train', 1)], max: 20 epochs
2022-07-06 00:45:12,184 - INFO - Epoch [1/20][5/15448]	lr: 0.00040, eta: 19 days, 9:21:10, time: 5.422, data_time: 3.316, transfer_time: 0.014, forward_time: 1.008, loss_parse_time: 0.000 memory: 4944, 
2022-07-06 00:45:12,185 - INFO - task : ['car'], loss: 16.7085, hm_loss: 5.2449, loc_loss: 45.8545, loc_loss_elem: ['4.6905', '4.6810', '11.4292', '4.0207', '4.5347', '3.1634', '12.5910', '7.0342', '5.0917', '4.3183'], num_positive: 29.6000
2022-07-06 00:45:12,185 - INFO - task : ['truck', 'construction_vehicle'], loss: 98.4429, hm_loss: 89.9735, loc_loss: 33.8775, loc_loss_elem: ['3.8214', '5.1729', '6.8832', '4.0768', '2.8815', '4.6136', '3.3438', '2.9583', '1.7269', '3.4408'], num_positive: 4.0000
2022-07-06 00:45:12,185 - INFO - task : ['bus', 'trailer'], loss: 109.0436, hm_loss: 103.4986, loc_loss: 22.1802, loc_loss_elem: ['2.7716', '2.9175', '3.5972', '0.8281', '0.9246', '2.1137', '1.9399', '3.7196', '3.8823', '4.0134'], num_positive: 2.2000
2022-07-06 00:45:12,185 - INFO - task : ['barrier'], loss: 90.4919, hm_loss: 86.3249, loc_loss: 16.6681, loc_loss_elem: ['1.5910', '1.7847', '2.4341', '2.6726', '3.1312', '1.6124', '2.5133', '1.6412', '0.9431', '1.6681'], num_positive: 4.4000
2022-07-06 00:45:12,185 - INFO - task : ['motorcycle', 'bicycle'], loss: 61.8754, hm_loss: 35.8940, loc_loss: 103.9255, loc_loss_elem: ['9.7959', '16.1724', '10.1052', '6.9022', '10.4428', '7.9979', '5.4746', '8.6052', '17.3125', '22.3807'], num_positive: 5.0000
2022-07-06 00:45:12,185 - INFO - task : ['pedestrian', 'traffic_cone'], loss: 19.9604, hm_loss: 8.7063, loc_loss: 45.0162, loc_loss_elem: ['4.5687', '5.0316', '8.0172', '5.5935', '3.3631', '4.1488', '7.6487', '5.0959', '5.9558', '5.7886'], num_positive: 13.0000

2022-07-06 00:45:29,941 - INFO - Epoch [1/20][10/15448]	lr: 0.00040, eta: 16 days, 1:05:08, time: 3.552, data_time: 1.953, transfer_time: 0.012, forward_time: 0.988, loss_parse_time: 0.000 memory: 4944, 
2022-07-06 00:45:29,942 - INFO - task : ['car'], loss: 7.8135, hm_loss: 3.1953, loc_loss: 18.4725, loc_loss_elem: ['2.2314', '1.8343', '2.8291', '2.1845', '1.9430', '1.5918', '2.8463', '3.3598', '2.2090', '2.4082'], num_positive: 20.2000
2022-07-06 00:45:29,942 - INFO - task : ['truck', 'construction_vehicle'], loss: 15.3862, hm_loss: 9.4689, loc_loss: 23.6696, loc_loss_elem: ['2.9047', '3.7085', '4.1991', '2.7948', '1.5485', '2.5565', '4.2961', '3.7451', '2.2182', '2.1310'], num_positive: 5.2000
2022-07-06 00:45:29,942 - INFO - task : ['bus', 'trailer'], loss: 26.6418, hm_loss: 17.7724, loc_loss: 35.4774, loc_loss_elem: ['6.8866', '4.1843', '4.2853', '2.1262', '4.5854', '2.6348', '6.6847', '4.9261', '2.7471', '5.7056'], num_positive: 2.2000
2022-07-06 00:45:29,942 - INFO - task : ['barrier'], loss: 7.3967, hm_loss: 2.6978, loc_loss: 18.7957, loc_loss_elem: ['2.2368', '2.4481', '2.5918', '1.6502', '2.6149', '1.6211', '1.8231', '2.0815', '2.7020', '2.1499'], num_positive: 28.6000
2022-07-06 00:45:29,942 - INFO - task : ['motorcycle', 'bicycle'], loss: 23.8660, hm_loss: 12.4665, loc_loss: 45.5980, loc_loss_elem: ['3.0222', '3.0141', '7.7622', '2.8623', '4.0114', '4.2764', '2.9813', '8.3623', '7.4661', '10.9144'], num_positive: 2.4000
2022-07-06 00:45:29,942 - INFO - task : ['pedestrian', 'traffic_cone'], loss: 11.4336, hm_loss: 5.0767, loc_loss: 25.4278, loc_loss_elem: ['3.3361', '3.2681', '4.1100', '3.1766', '2.4881', '1.8645', '3.8611', '3.1546', '3.2602', '2.5209'], num_positive: 21.0000

2022-07-06 00:45:42,185 - INFO - Epoch [1/20][15/15448]	lr: 0.00040, eta: 13 days, 14:45:24, time: 2.448, data_time: 0.779, transfer_time: 0.012, forward_time: 1.065, loss_parse_time: 0.000 memory: 4944, 
2022-07-06 00:45:42,185 - INFO - task : ['car'], loss: 6.9018, hm_loss: 3.2695, loc_loss: 14.5289, loc_loss_elem: ['1.5623', '1.2732', '2.6065', '1.8567', '1.1899', '1.3506', '1.9841', '3.0716', '1.8481', '1.8306'], num_positive: 27.8000
2022-07-06 00:45:42,186 - INFO - task : ['truck', 'construction_vehicle'], loss: 11.2615, hm_loss: 6.6097, loc_loss: 18.6070, loc_loss_elem: ['3.2751', '1.8350', '2.0285', '1.7210', '1.4561', '2.6187', '2.1440', '3.5878', '2.3210', '2.2053'], num_positive: 3.8000
2022-07-06 00:45:42,186 - INFO - task : ['bus', 'trailer'], loss: 8.9232, hm_loss: 6.1926, loc_loss: 10.9222, loc_loss_elem: ['1.5030', '0.8114', '1.2799', '1.1704', '0.9584', '1.4105', '0.7764', '1.9962', '1.2730', '1.9609'], num_positive: 2.6000
2022-07-06 00:45:42,186 - INFO - task : ['barrier'], loss: 6.9029, hm_loss: 5.9972, loc_loss: 3.6231, loc_loss_elem: ['0.5733', '0.4157', '0.7428', '0.3833', '0.4150', '0.3012', '0.3635', '0.4656', '0.3651', '0.2608'], num_positive: 4.0000
2022-07-06 00:45:42,186 - INFO - task : ['motorcycle', 'bicycle'], loss: 9.9775, hm_loss: 6.3041, loc_loss: 14.6936, loc_loss_elem: ['1.6080', '2.2390', '3.2807', '1.1296', '1.0779', '1.5082', '1.0978', '2.4806', '0.9148', '2.2197'], num_positive: 0.8000
2022-07-06 00:45:42,186 - INFO - task : ['pedestrian', 'traffic_cone'], loss: 7.1919, hm_loss: 3.4119, loc_loss: 15.1198, loc_loss_elem: ['1.9597', '1.7800', '3.2242', '1.4582', '1.1986', '1.0446', '1.8674', '1.4965', '2.1122', '1.6695'], num_positive: 12.6000

2022-07-06 00:46:00,305 - INFO - Epoch [1/20][20/15448]	lr: 0.00040, eta: 13 days, 10:49:02, time: 3.624, data_time: 1.344, transfer_time: 0.012, forward_time: 1.668, loss_parse_time: 0.000 memory: 4944, 
2022-07-06 00:46:00,305 - INFO - task : ['car'], loss: 5.5653, hm_loss: 3.1506, loc_loss: 9.6587, loc_loss_elem: ['0.8379', '0.7001', '1.9341', '0.9524', '0.9191', '1.0877', '1.3295', '2.1241', '1.1905', '1.3462'], num_positive: 14.0000
2022-07-06 00:46:00,305 - INFO - task : ['truck', 'construction_vehicle'], loss: 7.1020, hm_loss: 4.2330, loc_loss: 11.4762, loc_loss_elem: ['1.0036', '1.0804', '2.1112', '1.2825', '1.2565', '1.6039', '1.0607', '1.4380', '1.5294', '1.1089'], num_positive: 3.6000
2022-07-06 00:46:00,305 - INFO - task : ['bus', 'trailer'], loss: 5.6237, hm_loss: 3.8119, loc_loss: 7.2473, loc_loss_elem: ['0.3179', '0.6195', '1.1767', '0.3688', '1.0246', '0.5547', '0.9252', '0.4227', '1.3721', '1.5434'], num_positive: 0.8000
2022-07-06 00:46:00,305 - INFO - task : ['barrier'], loss: 4.0760, hm_loss: 2.6767, loc_loss: 5.5972, loc_loss_elem: ['0.4608', '0.6290', '0.9159', '0.4156', '0.6787', '0.5301', '0.4342', '0.6084', '1.1208', '0.6378'], num_positive: 16.2000
2022-07-06 00:46:00,306 - INFO - task : ['motorcycle', 'bicycle'], loss: 8.3566, hm_loss: 4.3325, loc_loss: 16.0963, loc_loss_elem: ['2.4516', '2.4161', '1.7694', '1.3081', '1.4478', '0.7894', '1.1349', '2.6245', '2.5548', '2.6073'], num_positive: 2.2000
2022-07-06 00:46:00,306 - INFO - task : ['pedestrian', 'traffic_cone'], loss: 5.5747, hm_loss: 2.8189, loc_loss: 11.0232, loc_loss_elem: ['1.1374', '1.2926', '2.4138', '0.9947', '1.1916', '0.8892', '1.3873', '1.3566', '1.1144', '1.4407'], num_positive: 30.2000

2022-07-06 00:46:12,324 - INFO - Epoch [1/20][25/15448]	lr: 0.00040, eta: 12 days, 11:30:45, time: 2.404, data_time: 0.120, transfer_time: 0.012, forward_time: 1.659, loss_parse_time: 0.000 memory: 4944, 
2022-07-06 00:46:12,325 - INFO - task : ['car'], loss: 4.1418, hm_loss: 2.4876, loc_loss: 6.6170, loc_loss_elem: ['0.6127', '0.5544', '1.2298', '0.5723', '0.4872', '0.6290', '1.5277', '1.6237', '0.9012', '1.0001'], num_positive: 22.8000
2022-07-06 00:46:12,325 - INFO - task : ['truck', 'construction_vehicle'], loss: 5.6581, hm_loss: 3.5124, loc_loss: 8.5831, loc_loss_elem: ['0.6537', '0.7476', '1.5597', '1.1085', '0.7035', '0.5826', '1.9244', '2.1274', '1.2133', '1.2037'], num_positive: 4.6000
2022-07-06 00:46:12,325 - INFO - task : ['bus', 'trailer'], loss: 5.3685, hm_loss: 3.5733, loc_loss: 7.1808, loc_loss_elem: ['0.6711', '0.9733', '1.1206', '0.3298', '0.4854', '0.5372', '0.5931', '1.9415', '0.7616', '1.7948'], num_positive: 1.0000
2022-07-06 00:46:12,325 - INFO - task : ['barrier'], loss: 4.3367, hm_loss: 3.0312, loc_loss: 5.2219, loc_loss_elem: ['0.4965', '0.5517', '0.9078', '0.4320', '0.5985', '0.3991', '0.4778', '0.5282', '1.0444', '0.5907'], num_positive: 29.6000
2022-07-06 00:46:12,325 - INFO - task : ['motorcycle', 'bicycle'], loss: 6.2356, hm_loss: 4.0236, loc_loss: 8.8482, loc_loss_elem: ['0.9166', '1.4764', '1.2239', '0.7848', '0.6265', '0.8126', '1.0964', '1.7724', '1.1029', '1.3306'], num_positive: 2.4000
2022-07-06 00:46:12,325 - INFO - task : ['pedestrian', 'traffic_cone'], loss: 4.4867, hm_loss: 2.8218, loc_loss: 6.6595, loc_loss_elem: ['0.9256', '0.6228', '1.0542', '0.4074', '0.8628', '0.5673', '0.8896', '0.7384', '0.9773', '0.9165'], num_positive: 30.6000

2022-07-06 00:46:31,031 - INFO - Epoch [1/20][30/15448]	lr: 0.00040, eta: 12 days, 15:04:59, time: 3.740, data_time: 1.163, transfer_time: 0.013, forward_time: 1.985, loss_parse_time: 0.000 memory: 4944, 
2022-07-06 00:46:31,031 - INFO - task : ['car'], loss: 4.8146, hm_loss: 3.5583, loc_loss: 5.0252, loc_loss_elem: ['0.5406', '0.3640', '0.9582', '0.4409', '0.3103', '0.5043', '1.0215', '1.7163', '0.6045', '0.7550'], num_positive: 21.4000
2022-07-06 00:46:31,031 - INFO - task : ['truck', 'construction_vehicle'], loss: 4.7488, hm_loss: 3.5396, loc_loss: 4.8366, loc_loss_elem: ['0.5087', '0.5207', '0.6584', '0.7015', '0.3002', '0.5020', '0.5916', '0.5031', '0.5754', '0.8506'], num_positive: 4.2000
2022-07-06 00:46:31,031 - INFO - task : ['bus', 'trailer'], loss: 3.7856, hm_loss: 2.6559, loc_loss: 4.5187, loc_loss_elem: ['0.5222', '0.3148', '0.5398', '0.6020', '0.4369', '0.3888', '0.7215', '1.2937', '0.4201', '0.8911'], num_positive: 2.2000
2022-07-06 00:46:31,031 - INFO - task : ['barrier'], loss: 3.6788, hm_loss: 2.7182, loc_loss: 3.8425, loc_loss_elem: ['0.3760', '0.3654', '0.7423', '0.3152', '0.3438', '0.3279', '0.3690', '0.4027', '0.8148', '0.4026'], num_positive: 35.4000
2022-07-06 00:46:31,031 - INFO - task : ['motorcycle', 'bicycle'], loss: 2.6476, hm_loss: 1.9728, loc_loss: 2.6991, loc_loss_elem: ['0.2070', '0.2438', '0.3373', '0.3053', '0.1624', '0.1983', '0.1304', '0.6465', '0.4970', '0.5925'], num_positive: 0.8000
2022-07-06 00:46:31,031 - INFO - task : ['pedestrian', 'traffic_cone'], loss: 4.2907, hm_loss: 3.1243, loc_loss: 4.6656, loc_loss_elem: ['0.3783', '0.4057', '0.9096', '0.4900', '0.5465', '0.4223', '0.5202', '0.5394', '0.5803', '0.7209'], num_positive: 12.8000

2022-07-06 00:46:43,075 - INFO - Epoch [1/20][35/15448]	lr: 0.00040, eta: 12 days, 1:19:16, time: 2.410, data_time: 0.154, transfer_time: 0.014, forward_time: 1.642, loss_parse_time: 0.000 memory: 4944, 
2022-07-06 00:46:43,076 - INFO - task : ['car'], loss: 3.7829, hm_loss: 2.5829, loc_loss: 4.8000, loc_loss_elem: ['0.4886', '0.4393', '0.9110', '0.3880', '0.3583', '0.3192', '0.5319', '1.5276', '0.5222', '0.9614'], num_positive: 26.8000
2022-07-06 00:46:43,076 - INFO - task : ['truck', 'construction_vehicle'], loss: 5.2666, hm_loss: 3.6980, loc_loss: 6.2746, loc_loss_elem: ['0.5303', '0.5165', '1.2477', '0.6981', '0.4038', '0.5922', '1.2120', '1.2588', '0.6506', '1.1413'], num_positive: 4.2000
2022-07-06 00:46:43,076 - INFO - task : ['bus', 'trailer'], loss: 4.4326, hm_loss: 3.3426, loc_loss: 4.3602, loc_loss_elem: ['0.5107', '0.4015', '0.5354', '0.2057', '0.7034', '0.3982', '0.3146', '0.8921', '0.6953', '0.6688'], num_positive: 2.2000
2022-07-06 00:46:43,076 - INFO - task : ['barrier'], loss: 3.6313, hm_loss: 2.7292, loc_loss: 3.6083, loc_loss_elem: ['0.2871', '0.3718', '0.8043', '0.2648', '0.4196', '0.1851', '0.2669', '0.3891', '0.6122', '0.5323'], num_positive: 12.8000
2022-07-06 00:46:43,076 - INFO - task : ['motorcycle', 'bicycle'], loss: 3.0827, hm_loss: 2.4187, loc_loss: 2.6558, loc_loss_elem: ['0.1629', '0.2324', '0.4451', '0.1226', '0.1674', '0.1763', '0.1144', '0.2618', '0.4050', '0.8690'], num_positive: 1.4000
2022-07-06 00:46:43,076 - INFO - task : ['pedestrian', 'traffic_cone'], loss: 4.1745, hm_loss: 3.1380, loc_loss: 4.1461, loc_loss_elem: ['0.3427', '0.3180', '1.0073', '0.3273', '0.4554', '0.3210', '0.5112', '0.4693', '0.5707', '0.6076'], num_positive: 17.8000

2022-07-06 00:47:00,855 - INFO - Epoch [1/20][40/15448]	lr: 0.00040, eta: 12 days, 3:17:37, time: 3.556, data_time: 1.376, transfer_time: 0.013, forward_time: 1.579, loss_parse_time: 0.000 memory: 4944, 
2022-07-06 00:47:00,855 - INFO - task : ['car'], loss: 4.0093, hm_loss: 2.8557, loc_loss: 4.6147, loc_loss_elem: ['0.4011', '0.4114', '1.0086', '0.4084', '0.3699', '0.3221', '0.6840', '1.3045', '0.6100', '0.6855'], num_positive: 13.2000
2022-07-06 00:47:00,855 - INFO - task : ['truck', 'construction_vehicle'], loss: 4.7908, hm_loss: 3.4061, loc_loss: 5.5389, loc_loss_elem: ['0.4609', '0.3599', '1.2802', '0.3466', '0.5485', '0.7330', '0.6252', '0.6046', '0.8588', '0.7050'], num_positive: 8.0000
2022-07-06 00:47:00,856 - INFO - task : ['bus', 'trailer'], loss: 5.5238, hm_loss: 4.0151, loc_loss: 6.0348, loc_loss_elem: ['0.3834', '0.6042', '1.3479', '0.6377', '0.4729', '0.4157', '0.4268', '1.7430', '0.5460', '1.1931'], num_positive: 2.4000
2022-07-06 00:47:00,856 - INFO - task : ['barrier'], loss: 5.6073, hm_loss: 3.0681, loc_loss: 10.1568, loc_loss_elem: ['0.7816', '0.5386', '1.7726', '0.5391', '0.9994', '1.1588', '0.7465', '2.1639', '2.4025', '1.3821'], num_positive: 4.4000
2022-07-06 00:47:00,856 - INFO - task : ['motorcycle', 'bicycle'], loss: 12.4218, hm_loss: 3.0252, loc_loss: 37.5865, loc_loss_elem: ['4.4902', '1.7463', '9.9197', '8.7206', '2.2244', '4.5440', '3.3124', '2.5151', '1.7782', '2.9976'], num_positive: 0.8000
2022-07-06 00:47:00,856 - INFO - task : ['pedestrian', 'traffic_cone'], loss: 4.1804, hm_loss: 3.1108, loc_loss: 4.2787, loc_loss_elem: ['0.4017', '0.3642', '0.8595', '0.3069', '0.4176', '0.2791', '0.5048', '0.7371', '0.6618', '0.7396'], num_positive: 9.0000

2022-07-06 00:47:12,511 - INFO - Epoch [1/20][45/15448]	lr: 0.00040, eta: 11 days, 17:09:06, time: 2.331, data_time: 0.051, transfer_time: 0.011, forward_time: 1.690, loss_parse_time: 0.000 memory: 4944, 
2022-07-06 00:47:12,512 - INFO - task : ['car'], loss: 3.6968, hm_loss: 2.7458, loc_loss: 3.8040, loc_loss_elem: ['0.4260', '0.3943', '0.6978', '0.1911', '0.2207', '0.2447', '0.7810', '1.9296', '0.4439', '0.6434'], num_positive: 19.8000
2022-07-06 00:47:12,512 - INFO - task : ['truck', 'construction_vehicle'], loss: 4.7695, hm_loss: 3.6118, loc_loss: 4.6309, loc_loss_elem: ['0.4019', '0.4826', '0.7261', '0.3410', '0.2066', '0.5521', '0.9785', '1.9346', '0.6196', '0.7183'], num_positive: 3.8000
2022-07-06 00:47:12,512 - INFO - task : ['bus', 'trailer'], loss: 4.3914, hm_loss: 3.2069, loc_loss: 4.7378, loc_loss_elem: ['0.4655', '0.2877', '1.1598', '0.5028', '0.7526', '0.1868', '0.4523', '1.0022', '0.4011', '0.6906'], num_positive: 1.6000
2022-07-06 00:47:12,512 - INFO - task : ['barrier'], loss: 3.3870, hm_loss: 2.6458, loc_loss: 2.9647, loc_loss_elem: ['0.2614', '0.2867', '0.9628', '0.1238', '0.1714', '0.2302', '0.1431', '0.3200', '0.4229', '0.4129'], num_positive: 18.2000
2022-07-06 00:47:12,512 - INFO - task : ['motorcycle', 'bicycle'], loss: 4.6552, hm_loss: 3.7414, loc_loss: 3.6552, loc_loss_elem: ['0.2928', '0.5380', '0.7308', '0.2248', '0.2447', '0.1996', '0.1818', '0.2350', '0.6595', '0.6818'], num_positive: 1.2000
2022-07-06 00:47:12,512 - INFO - task : ['pedestrian', 'traffic_cone'], loss: 4.1175, hm_loss: 3.0900, loc_loss: 4.1102, loc_loss_elem: ['0.2561', '0.3193', '0.9245', '0.2626', '0.4531', '0.3986', '0.2998', '0.5344', '0.6597', '0.6694'], num_positive: 12.6000

2022-07-06 00:47:31,007 - INFO - Epoch [1/20][50/15448]	lr: 0.00040, eta: 11 days, 20:46:05, time: 3.698, data_time: 0.370, transfer_time: 0.012, forward_time: 2.711, loss_parse_time: 0.000 memory: 4944, 
2022-07-06 00:47:31,007 - INFO - task : ['car'], loss: 3.3243, hm_loss: 2.4322, loc_loss: 3.5686, loc_loss_elem: ['0.3882', '0.2822', '0.8359', '0.2101', '0.1978', '0.1929', '0.4755', '0.8436', '0.5524', '0.6453'], num_positive: 31.8000
2022-07-06 00:47:31,007 - INFO - task : ['truck', 'construction_vehicle'], loss: 4.4461, hm_loss: 3.3412, loc_loss: 4.4195, loc_loss_elem: ['0.3414', '0.3946', '0.9431', '0.2959', '0.3565', '0.5134', '0.6768', '0.6513', '0.5776', '0.7313'], num_positive: 8.0000
2022-07-06 00:47:31,007 - INFO - task : ['bus', 'trailer'], loss: 4.9043, hm_loss: 3.9106, loc_loss: 3.9747, loc_loss_elem: ['0.4148', '0.4273', '0.8198', '0.1853', '0.4117', '0.1715', '0.3135', '0.9246', '0.7933', '0.5035'], num_positive: 1.8000
2022-07-06 00:47:31,007 - INFO - task : ['barrier'], loss: 4.8639, hm_loss: 2.7476, loc_loss: 8.4652, loc_loss_elem: ['0.7292', '1.1331', '1.1767', '0.6330', '0.7870', '0.6516', '0.5235', '0.9086', '1.5507', '1.5175'], num_positive: 12.4000
2022-07-06 00:47:31,007 - INFO - task : ['motorcycle', 'bicycle'], loss: 1.2587, hm_loss: 1.0300, loc_loss: 0.9147, loc_loss_elem: ['0.1411', '0.3482', '0.0328', '0.0150', '0.0157', '0.0179', '0.0418', '0.2205', '0.1186', '0.1730'], num_positive: 0.2000
2022-07-06 00:47:31,007 - INFO - task : ['pedestrian', 'traffic_cone'], loss: 4.4658, hm_loss: 3.4863, loc_loss: 3.9179, loc_loss_elem: ['0.2427', '0.2766', '0.7067', '0.3314', '0.4274', '0.4569', '0.2689', '0.6415', '0.5202', '0.7740'], num_positive: 7.8000

2022-07-06 00:47:47,484 - INFO - Epoch [1/20][55/15448]	lr: 0.00040, eta: 11 days, 20:35:16, time: 3.296, data_time: 0.362, transfer_time: 0.012, forward_time: 2.319, loss_parse_time: 0.000 memory: 4944, 
2022-07-06 00:47:47,484 - INFO - task : ['car'], loss: 3.7946, hm_loss: 2.9065, loc_loss: 3.5523, loc_loss_elem: ['0.3111', '0.3327', '0.7009', '0.2029', '0.1744', '0.2153', '0.5891', '1.5251', '0.4237', '0.7685'], num_positive: 23.0000
2022-07-06 00:47:47,484 - INFO - task : ['truck', 'construction_vehicle'], loss: 3.8894, hm_loss: 3.0599, loc_loss: 3.3181, loc_loss_elem: ['0.2339', '0.2407', '0.5216', '0.1483', '0.2763', '0.4437', '0.9745', '1.0695', '0.4291', '0.6157'], num_positive: 4.8000
2022-07-06 00:47:47,484 - INFO - task : ['bus', 'trailer'], loss: 6.4743, hm_loss: 3.6791, loc_loss: 11.1809, loc_loss_elem: ['0.6880', '1.0933', '3.9459', '0.5158', '1.5338', '0.6957', '0.9007', '1.5821', '1.2003', '1.0115'], num_positive: 2.6000
2022-07-06 00:47:47,484 - INFO - task : ['barrier'], loss: 1.1600, hm_loss: 0.9308, loc_loss: 0.9166, loc_loss_elem: ['0.0701', '0.0833', '0.1517', '0.0821', '0.1068', '0.0269', '0.0162', '0.0589', '0.2933', '0.0874'], num_positive: 4.0000
2022-07-06 00:47:47,484 - INFO - task : ['motorcycle', 'bicycle'], loss: 3.1260, hm_loss: 2.4926, loc_loss: 2.5336, loc_loss_elem: ['0.3515', '0.2098', '0.6610', '0.1278', '0.0995', '0.0755', '0.0403', '1.4518', '0.2224', '0.4877'], num_positive: 0.8000
2022-07-06 00:47:47,484 - INFO - task : ['pedestrian', 'traffic_cone'], loss: 4.5291, hm_loss: 3.5785, loc_loss: 3.8025, loc_loss_elem: ['0.2820', '0.2174', '0.9993', '0.3408', '0.3327', '0.1931', '0.3263', '0.8107', '0.3798', '0.8300'], num_positive: 10.2000

2022-07-06 00:48:03,067 - INFO - Epoch [1/20][60/15448]	lr: 0.00040, eta: 11 days, 19:08:56, time: 3.116, data_time: 0.579, transfer_time: 0.013, forward_time: 1.935, loss_parse_time: 0.000 memory: 4944, 
2022-07-06 00:48:03,067 - INFO - task : ['car'], loss: 3.6898, hm_loss: 2.5593, loc_loss: 4.5222, loc_loss_elem: ['0.6140', '0.4412', '0.8493', '0.3225', '0.2340', '0.2558', '1.1244', '1.3404', '0.6123', '0.7001'], num_positive: 24.2000
2022-07-06 00:48:03,067 - INFO - task : ['truck', 'construction_vehicle'], loss: 5.2027, hm_loss: 3.6322, loc_loss: 6.2819, loc_loss_elem: ['0.7119', '0.8621', '0.9744', '0.4874', '0.4086', '0.5857', '1.0567', '0.4083', '1.0844', '0.8743'], num_positive: 4.6000
2022-07-06 00:48:03,067 - INFO - task : ['bus', 'trailer'], loss: 4.2875, hm_loss: 3.3111, loc_loss: 3.9057, loc_loss_elem: ['0.6810', '0.1013', '0.4601', '0.1434', '0.5335', '0.1521', '2.1930', '1.2091', '0.4603', '0.6936'], num_positive: 1.2000
2022-07-06 00:48:03,067 - INFO - task : ['barrier'], loss: 4.3798, hm_loss: 3.4406, loc_loss: 3.7569, loc_loss_elem: ['0.2689', '0.3786', '0.6618', '0.4217', '0.3846', '0.1198', '0.1345', '0.2493', '0.9741', '0.4707'], num_positive: 9.4000
2022-07-06 00:48:03,068 - INFO - task : ['motorcycle', 'bicycle'], loss: 4.3210, hm_loss: 3.1876, loc_loss: 4.5339, loc_loss_elem: ['0.4357', '0.6090', '0.6528', '0.2425', '0.1460', '0.3151', '0.2536', '3.1908', '0.4801', '0.9639'], num_positive: 1.4000
2022-07-06 00:48:03,068 - INFO - task : ['pedestrian', 'traffic_cone'], loss: 4.1544, hm_loss: 3.0671, loc_loss: 4.3490, loc_loss_elem: ['0.2942', '0.3905', '1.1540', '0.3238', '0.3886', '0.2608', '0.5236', '0.6298', '0.6598', '0.6467'], num_positive: 21.4000

2022-07-06 00:48:21,135 - INFO - Epoch [1/20][65/15448]	lr: 0.00040, eta: 11 days, 21:12:56, time: 3.614, data_time: 0.326, transfer_time: 0.013, forward_time: 2.699, loss_parse_time: 0.000 memory: 4944, 
2022-07-06 00:48:21,135 - INFO - task : ['car'], loss: 3.3139, hm_loss: 2.5021, loc_loss: 3.2473, loc_loss_elem: ['0.2990', '0.3188', '0.6691', '0.1630', '0.1750', '0.1367', '0.4158', '1.2712', '0.4554', '0.6930'], num_positive: 26.8000
2022-07-06 00:48:21,135 - INFO - task : ['truck', 'construction_vehicle'], loss: 4.7581, hm_loss: 3.7338, loc_loss: 4.0974, loc_loss_elem: ['0.2527', '0.3785', '0.6805', '0.2622', '0.3382', '0.3554', '0.8026', '0.3651', '0.8111', '0.7853'], num_positive: 2.2000
2022-07-06 00:48:21,135 - INFO - task : ['bus', 'trailer'], loss: 3.1751, hm_loss: 2.5517, loc_loss: 2.4939, loc_loss_elem: ['0.2245', '0.2571', '0.6088', '0.0644', '0.2476', '0.1760', '0.2013', '1.0883', '0.1946', '0.4629'], num_positive: 1.6000
2022-07-06 00:48:21,135 - INFO - task : ['barrier'], loss: 2.6370, hm_loss: 2.1306, loc_loss: 2.0255, loc_loss_elem: ['0.1261', '0.2545', '0.4918', '0.0825', '0.1116', '0.0886', '0.0969', '0.0689', '0.4292', '0.4080'], num_positive: 11.4000
2022-07-06 00:48:21,136 - INFO - task : ['motorcycle', 'bicycle'], loss: 3.6904, hm_loss: 2.9707, loc_loss: 2.8789, loc_loss_elem: ['0.3327', '0.1898', '0.5906', '0.1826', '0.1289', '0.1387', '0.1303', '0.6812', '0.3846', '0.7687'], num_positive: 2.8000
2022-07-06 00:48:21,136 - INFO - task : ['pedestrian', 'traffic_cone'], loss: 3.9142, hm_loss: 2.9197, loc_loss: 3.9781, loc_loss_elem: ['0.3028', '0.2713', '0.9719', '0.3718', '0.4046', '0.3479', '0.2109', '0.2821', '0.6357', '0.5736'], num_positive: 22.6000

2022-07-06 00:48:32,909 - INFO - Epoch [1/20][70/15448]	lr: 0.00040, eta: 11 days, 15:16:35, time: 2.356, data_time: 0.096, transfer_time: 0.014, forward_time: 1.654, loss_parse_time: 0.000 memory: 4944, 
2022-07-06 00:48:32,909 - INFO - task : ['car'], loss: 3.5745, hm_loss: 2.6570, loc_loss: 3.6700, loc_loss_elem: ['0.3429', '0.3265', '0.9651', '0.1596', '0.1538', '0.1621', '0.6644', '1.2272', '0.3840', '0.7977'], num_positive: 17.2000
2022-07-06 00:48:32,909 - INFO - task : ['truck', 'construction_vehicle'], loss: 4.8943, hm_loss: 3.7308, loc_loss: 4.6541, loc_loss_elem: ['0.4439', '0.2907', '1.1721', '0.2251', '0.5023', '0.3807', '0.5863', '0.5389', '0.6031', '0.8111'], num_positive: 4.4000
2022-07-06 00:48:32,909 - INFO - task : ['bus', 'trailer'], loss: 5.1610, hm_loss: 4.1004, loc_loss: 4.2423, loc_loss_elem: ['0.2111', '0.2528', '1.2392', '0.1280', '0.3181', '0.2341', '1.8659', '1.3104', '0.6310', '0.5928'], num_positive: 1.0000
2022-07-06 00:48:32,909 - INFO - task : ['barrier'], loss: 3.9539, hm_loss: 2.8049, loc_loss: 4.5960, loc_loss_elem: ['0.3454', '0.4832', '0.9861', '0.3729', '0.4514', '0.4854', '0.5203', '0.3880', '0.9330', '0.3569'], num_positive: 18.0000
2022-07-06 00:48:32,909 - INFO - task : ['motorcycle', 'bicycle'], loss: 4.7286, hm_loss: 3.7346, loc_loss: 3.9760, loc_loss_elem: ['0.3806', '0.3234', '0.9457', '0.3032', '0.1894', '0.2946', '0.7786', '0.5221', '0.6590', '0.6200'], num_positive: 2.2000
2022-07-06 00:48:32,909 - INFO - task : ['pedestrian', 'traffic_cone'], loss: 5.0040, hm_loss: 4.0456, loc_loss: 3.8336, loc_loss_elem: ['0.2536', '0.2924', '0.8599', '0.3148', '0.3451', '0.1869', '0.4130', '0.6405', '0.5159', '0.8543'], num_positive: 27.2000

2022-07-06 00:48:51,063 - INFO - Epoch [1/20][75/15448]	lr: 0.00040, eta: 11 days, 17:25:04, time: 3.630, data_time: 0.287, transfer_time: 0.012, forward_time: 2.739, loss_parse_time: 0.000 memory: 4944, 
2022-07-06 00:48:51,063 - INFO - task : ['car'], loss: 3.4093, hm_loss: 2.5268, loc_loss: 3.5301, loc_loss_elem: ['0.3175', '0.3433', '0.7983', '0.1419', '0.2575', '0.1437', '0.3256', '1.2898', '0.5426', '0.6623'], num_positive: 26.4000
2022-07-06 00:48:51,063 - INFO - task : ['truck', 'construction_vehicle'], loss: 5.1962, hm_loss: 3.5464, loc_loss: 6.5989, loc_loss_elem: ['0.7698', '0.6028', '1.1604', '0.2674', '0.6316', '1.0489', '0.7977', '0.6871', '0.7809', '1.0401'], num_positive: 9.4000
2022-07-06 00:48:51,064 - INFO - task : ['bus', 'trailer'], loss: 4.7980, hm_loss: 3.8679, loc_loss: 3.7203, loc_loss_elem: ['0.2842', '0.3680', '0.7040', '0.1714', '0.3855', '0.1791', '0.4194', '0.2182', '0.7020', '0.7986'], num_positive: 3.2000
2022-07-06 00:48:51,064 - INFO - task : ['barrier'], loss: 2.5941, hm_loss: 2.0829, loc_loss: 2.0446, loc_loss_elem: ['0.1784', '0.1569', '0.3567', '0.1740', '0.1349', '0.1007', '0.0458', '0.0773', '0.5412', '0.3772'], num_positive: 6.2000
2022-07-06 00:48:51,064 - INFO - task : ['motorcycle', 'bicycle'], loss: 3.7785, hm_loss: 2.9306, loc_loss: 3.3917, loc_loss_elem: ['0.3176', '0.1300', '0.7144', '0.1622', '0.0937', '0.2925', '0.7989', '0.3294', '0.7626', '0.6930'], num_positive: 1.8000
2022-07-06 00:48:51,064 - INFO - task : ['pedestrian', 'traffic_cone'], loss: 3.8436, hm_loss: 2.9551, loc_loss: 3.5541, loc_loss_elem: ['0.3135', '0.2231', '0.8012', '0.2857', '0.2492', '0.1747', '0.3438', '0.5557', '0.5371', '0.7898'], num_positive: 19.0000

2022-07-06 00:49:03,244 - INFO - Epoch [1/20][80/15448]	lr: 0.00040, eta: 11 days, 12:53:16, time: 2.436, data_time: 0.041, transfer_time: 0.013, forward_time: 1.797, loss_parse_time: 0.000 memory: 4944, 
2022-07-06 00:49:03,244 - INFO - task : ['car'], loss: 3.6172, hm_loss: 2.8119, loc_loss: 3.2214, loc_loss_elem: ['0.2746', '0.2885', '0.6903', '0.1206', '0.1694', '0.1418', '0.6393', '0.6249', '0.7420', '0.5412'], num_positive: 21.0000
2022-07-06 00:49:03,245 - INFO - task : ['truck', 'construction_vehicle'], loss: 4.0202, hm_loss: 2.8818, loc_loss: 4.5533, loc_loss_elem: ['0.7630', '0.3466', '1.2625', '0.2311', '0.1693', '0.3251', '0.2757', '0.8793', '0.7020', '0.5226'], num_positive: 5.6000
2022-07-06 00:49:03,245 - INFO - task : ['bus', 'trailer'], loss: 4.0676, hm_loss: 3.2111, loc_loss: 3.4260, loc_loss_elem: ['0.3370', '0.2984', '0.7477', '0.1259', '0.3093', '0.1189', '0.3155', '1.5392', '0.2645', '0.8534'], num_positive: 2.4000
2022-07-06 00:49:03,245 - INFO - task : ['barrier'], loss: 3.5052, hm_loss: 2.7543, loc_loss: 3.0036, loc_loss_elem: ['0.1756', '0.2491', '0.9260', '0.2199', '0.1109', '0.1678', '0.0780', '0.1111', '0.5386', '0.5780'], num_positive: 9.2000
2022-07-06 00:49:03,245 - INFO - task : ['motorcycle', 'bicycle'], loss: 3.8689, hm_loss: 2.9483, loc_loss: 3.6825, loc_loss_elem: ['0.2361', '0.3328', '1.0188', '0.1594', '0.3093', '0.1750', '0.0615', '0.4878', '0.7078', '0.6333'], num_positive: 1.8000
2022-07-06 00:49:03,245 - INFO - task : ['pedestrian', 'traffic_cone'], loss: 4.2911, hm_loss: 3.2702, loc_loss: 4.0837, loc_loss_elem: ['0.3531', '0.3326', '0.9469', '0.3854', '0.3753', '0.2723', '0.5118', '0.3457', '0.5874', '0.6591'], num_positive: 12.4000

2022-07-06 00:49:21,362 - INFO - Epoch [1/20][85/15448]	lr: 0.00040, eta: 11 days, 14:53:11, time: 3.624, data_time: 0.189, transfer_time: 0.013, forward_time: 2.832, loss_parse_time: 0.000 memory: 4944, 
2022-07-06 00:49:21,362 - INFO - task : ['car'], loss: 3.6924, hm_loss: 2.7874, loc_loss: 3.6199, loc_loss_elem: ['0.2731', '0.2684', '0.8541', '0.1635', '0.2065', '0.1409', '0.9738', '1.5065', '0.5801', '0.6372'], num_positive: 16.6000
2022-07-06 00:49:21,362 - INFO - task : ['truck', 'construction_vehicle'], loss: 4.5255, hm_loss: 3.4977, loc_loss: 4.1111, loc_loss_elem: ['0.3968', '0.4357', '0.5834', '0.3013', '0.2685', '0.3945', '0.6667', '1.7843', '0.7608', '0.4799'], num_positive: 4.2000
2022-07-06 00:49:21,363 - INFO - task : ['bus', 'trailer'], loss: 2.4069, hm_loss: 1.9672, loc_loss: 1.7589, loc_loss_elem: ['0.1738', '0.1783', '0.3565', '0.0689', '0.1739', '0.0456', '0.7605', '0.6395', '0.2958', '0.1862'], num_positive: 0.6000
2022-07-06 00:49:21,363 - INFO - task : ['barrier'], loss: 3.2003, hm_loss: 2.5566, loc_loss: 2.5747, loc_loss_elem: ['0.2465', '0.1890', '0.5900', '0.2143', '0.2535', '0.1236', '0.0947', '0.1054', '0.6867', '0.2311'], num_positive: 31.2000
2022-07-06 00:49:21,363 - INFO - task : ['motorcycle', 'bicycle'], loss: 3.8684, hm_loss: 2.9907, loc_loss: 3.5108, loc_loss_elem: ['0.3506', '0.2742', '0.9267', '0.3041', '0.1353', '0.1481', '0.0827', '0.1618', '0.7155', '0.6075'], num_positive: 1.4000
2022-07-06 00:49:21,363 - INFO - task : ['pedestrian', 'traffic_cone'], loss: 4.2480, hm_loss: 3.2436, loc_loss: 4.0174, loc_loss_elem: ['0.2429', '0.3010', '1.0013', '0.2928', '0.3560', '0.3199', '0.6115', '0.4184', '0.6836', '0.6140'], num_positive: 20.0000

2022-07-06 00:49:33,316 - INFO - Epoch [1/20][90/15448]	lr: 0.00040, eta: 11 days, 10:47:15, time: 2.391, data_time: 0.061, transfer_time: 0.012, forward_time: 1.723, loss_parse_time: 0.000 memory: 4944, 
2022-07-06 00:49:33,317 - INFO - task : ['car'], loss: 3.4150, hm_loss: 2.5994, loc_loss: 3.2622, loc_loss_elem: ['0.3079', '0.2832', '0.6104', '0.1100', '0.1352', '0.1130', '1.1009', '1.6414', '0.5226', '0.6315'], num_positive: 18.4000
2022-07-06 00:49:33,317 - INFO - task : ['truck', 'construction_vehicle'], loss: 5.1003, hm_loss: 3.5171, loc_loss: 6.3327, loc_loss_elem: ['0.7036', '0.6185', '1.0875', '0.7128', '0.7178', '0.4156', '1.3445', '1.1717', '0.6268', '0.9469'], num_positive: 7.4000
2022-07-06 00:49:33,317 - INFO - task : ['bus', 'trailer'], loss: 3.1561, hm_loss: 2.4945, loc_loss: 2.6465, loc_loss_elem: ['0.3506', '0.4364', '0.4015', '0.1470', '0.3745', '0.1124', '0.3573', '0.3300', '0.3504', '0.3363'], num_positive: 1.8000
2022-07-06 00:49:33,317 - INFO - task : ['barrier'], loss: 3.9128, hm_loss: 3.0775, loc_loss: 3.3413, loc_loss_elem: ['0.2952', '0.2627', '0.4406', '0.3831', '0.3328', '0.1913', '0.0873', '0.0797', '0.9376', '0.4647'], num_positive: 10.4000
2022-07-06 00:49:33,317 - INFO - task : ['motorcycle', 'bicycle'], loss: 4.9154, hm_loss: 3.7888, loc_loss: 4.5064, loc_loss_elem: ['0.2871', '0.3452', '1.1632', '0.2656', '0.3090', '0.2862', '0.1635', '0.4103', '0.9853', '0.7501'], num_positive: 1.2000
2022-07-06 00:49:33,317 - INFO - task : ['pedestrian', 'traffic_cone'], loss: 3.6809, hm_loss: 2.8427, loc_loss: 3.3526, loc_loss_elem: ['0.2706', '0.2686', '0.7207', '0.2573', '0.3117', '0.2325', '0.3087', '0.3717', '0.5456', '0.6094'], num_positive: 27.6000

